9.2906 	WARNING 	User requested fullscreen with size [800 600], but screen is actually [2560, 1600]. Using actual size
11.4612 	EXP 	Created window1 = Window(allowGUI=True, allowStencil=False, autoLog=True, backendConf=UNKNOWN, backgroundFit=<method-wrapper '__getattribute__' of attributeSetter object at 0x0000026C77D460D0>, backgroundImage=<method-wrapper '__getattribute__' of attributeSetter object at 0x0000026C77D46070>, bitsMode=UNKNOWN, blendMode='avg', bpc=(8, 8, 8), color=array([0, 0, 0]), colorSpace='rgb', depthBits=8, fullscr=<method-wrapper '__getattribute__' of attributeSetter object at 0x0000026C77D40E80>, gamma=None, gammaErrorPolicy='raise', infoMsg=UNKNOWN, lms=UNKNOWN, monitor=<psychopy.monitors.calibTools.Monitor object at 0x0000026C77D5E400>, multiSample=False, name='window1', numSamples=2, pos=(0, 0), screen=0, size=array([2560, 1600]), stencilBits=0, stereo=False, title='PsychoPy', units='deg', useFBO=False, useRetina=False, viewOri=0.0, viewPos=None, viewScale=None, waitBlanking=True, winType='pyglet')
11.4613 	EXP 	window1: backgroundImage = None
11.4614 	EXP 	window1: backgroundFit = 'cover'
11.4617 	EXP 	window1: mouseVisible = <method-wrapper '__getattribute__' of attributeSetter object at 0x0000026C77D461F0>
11.4654 	EXP 	Created unnamed Line = Line(__class__=<class 'psychopy.visual.line.Line'>, anchor=('center', 'center'), autoDraw=False, autoLog=True, closeShape=False, color=array([-1., -1., -1.]), colorSpace='rgb', contrast=None, depth=0, draggable=False, fillColor=array([0, 0, 0]), fillColorSpace='rgb', fillRGB=array([0, 0, 0]), interpolate=True, lineColor=array([-1., -1., -1.]), lineColorSpace='rgb', lineRGB=array([-1, -1, -1]), lineWidth=1.5, name='unnamed Line', opacity=0.5, ori=0.0, pos=array([0., 0.]), size=array([1., 1.]), units='deg', vertices=ndarray(...), win=Window(...), windingRule=None)
11.4659 	EXP 	window1: mouseVisible = 0
11.4663 	EXP 	window1: mouseVisible = 0
11.4989 	EXP 	Created unnamed ImageStim = ImageStim(__class__=<class 'psychopy.visual.image.ImageStim'>, anchor=('center', 'center'), autoLog=True, color=array([1., 1., 1.]), colorSpace='rgb', contrast=1.0, depth=0, draggable=False, flipHoriz=False, flipVert=False, image='bulseye.png', interpolate=False, mask=None, maskParams=None, name='unnamed ImageStim', opacity=1.0, ori=0.0, pos=array([0., 0.]), size=array([4.19717667, 4.19717667]), texRes=128, units='deg', win=Window(...))
11.4994 	EXP 	window1: mouseVisible = 0
11.5237 	EXP 	Created unnamed ImageStim = ImageStim(__class__=<class 'psychopy.visual.image.ImageStim'>, anchor=('center', 'center'), autoLog=True, color=array([1., 1., 1.]), colorSpace='rgb', contrast=1.0, depth=0, draggable=False, flipHoriz=False, flipVert=False, image='inst.png', interpolate=False, mask=None, maskParams=None, name='unnamed ImageStim', opacity=1.0, ori=0.0, pos=array([0., 0.]), size=array([12.40653048,  4.04686456]), texRes=128, units='deg', win=Window(...))
11.5319 	EXP 	unnamed Line: lineWidth = 4
13.3320 	DATA 	Keypress: escape
15.4301 	DATA 	Mouse: Left button down, pos=(1422,716)
15.5207 	DATA 	Mouse:  Left button up, pos=(1422,716)
16.3072 	DATA 	Keypress: space
16.3168 	EXP 	unnamed Line: start = [-2.0, 1.0]
16.3168 	EXP 	unnamed Line: end = [2.0, 1.0]
16.3168 	EXP 	unnamed Line: start = [-2.0, 1.0]
16.3168 	EXP 	unnamed Line: end = [-1.1339745962155612, 1.5]
16.3168 	EXP 	unnamed Line: start = [-2.0, 1.0]
16.3168 	EXP 	unnamed Line: end = [-1.1339745962155612, 0.5]
16.3168 	EXP 	unnamed Line: start = [2.0, 1.0]
16.3168 	EXP 	unnamed Line: end = [1.1339745962155612, 1.5]
16.3168 	EXP 	unnamed Line: start = [2.0, 1.0]
16.3168 	EXP 	unnamed Line: end = [1.1339745962155612, 0.5]
16.3168 	EXP 	unnamed Line: start = [-3.0, -1.0]
16.3168 	EXP 	unnamed Line: end = [3.0, -1.0]
16.3168 	EXP 	unnamed Line: start = [-3.0, -1.0]
16.3168 	EXP 	unnamed Line: end = [-3.866025403784439, -0.5]
16.3168 	EXP 	unnamed Line: start = [-3.0, -1.0]
16.3168 	EXP 	unnamed Line: end = [-3.866025403784439, -1.5]
16.3168 	EXP 	unnamed Line: start = [3.0, -1.0]
16.3168 	EXP 	unnamed Line: end = [3.866025403784439, -0.5]
16.3168 	EXP 	unnamed Line: start = [3.0, -1.0]
16.3168 	EXP 	unnamed Line: end = [3.866025403784439, -1.5]
16.8166 	DATA 	Keypress: escape
17.0173 	EXP 	window1: mouseVisible = True
