10.0035 	WARNING 	User requested fullscreen with size [800 600], but screen is actually [2560, 1600]. Using actual size
10.9001 	EXP 	Created window1 = Window(allowGUI=True, allowStencil=False, autoLog=True, backendConf=UNKNOWN, backgroundFit=<method-wrapper '__getattribute__' of attributeSetter object at 0x0000022C838F8DF0>, backgroundImage=<method-wrapper '__getattribute__' of attributeSetter object at 0x0000022C838F8D90>, bitsMode=UNKNOWN, blendMode='avg', bpc=(8, 8, 8), color=array([0, 0, 0]), colorSpace='rgb', depthBits=8, fullscr=<method-wrapper '__getattribute__' of attributeSetter object at 0x0000022C838F8BE0>, gamma=None, gammaErrorPolicy='raise', infoMsg=UNKNOWN, lms=UNKNOWN, monitor=<psychopy.monitors.calibTools.Monitor object at 0x0000022C83999160>, multiSample=False, name='window1', numSamples=2, pos=(0, 0), screen=0, size=array([2560, 1600]), stencilBits=0, stereo=False, title='PsychoPy', units='deg', useFBO=False, useRetina=False, viewOri=0.0, viewPos=None, viewScale=None, waitBlanking=True, winType='pyglet')
10.9002 	EXP 	window1: backgroundImage = None
10.9003 	EXP 	window1: backgroundFit = 'cover'
10.9007 	EXP 	window1: mouseVisible = <method-wrapper '__getattribute__' of attributeSetter object at 0x0000022C838F8F10>
10.9069 	EXP 	Created unnamed Line = Line(__class__=<class 'psychopy.visual.line.Line'>, anchor=('center', 'center'), autoDraw=False, autoLog=True, closeShape=False, color=array([-1., -1., -1.]), colorSpace='rgb', contrast=None, depth=0, draggable=False, fillColor=array([0, 0, 0]), fillColorSpace='rgb', fillRGB=array([0, 0, 0]), interpolate=True, lineColor=array([-1., -1., -1.]), lineColorSpace='rgb', lineRGB=array([-1, -1, -1]), lineWidth=1.5, name='unnamed Line', opacity=0.5, ori=0.0, pos=array([0., 0.]), size=array([1., 1.]), units='deg', vertices=ndarray(...), win=Window(...), windingRule=None)
10.9074 	EXP 	window1: mouseVisible = 0
10.9078 	EXP 	window1: mouseVisible = 0
10.9191 	EXP 	Created unnamed ImageStim = ImageStim(__class__=<class 'psychopy.visual.image.ImageStim'>, anchor=('center', 'center'), autoLog=True, color=array([1., 1., 1.]), colorSpace='rgb', contrast=1.0, depth=0, draggable=False, flipHoriz=False, flipVert=False, image='bulseye.png', interpolate=False, mask=None, maskParams=None, name='unnamed ImageStim', opacity=1.0, ori=0.0, pos=array([0., 0.]), size=array([4.19717667, 4.19717667]), texRes=128, units='deg', win=Window(...))
10.9195 	EXP 	window1: mouseVisible = 0
10.9294 	EXP 	Created unnamed ImageStim = ImageStim(__class__=<class 'psychopy.visual.image.ImageStim'>, anchor=('center', 'center'), autoLog=True, color=array([1., 1., 1.]), colorSpace='rgb', contrast=1.0, depth=0, draggable=False, flipHoriz=False, flipVert=False, image='inst.png', interpolate=False, mask=None, maskParams=None, name='unnamed ImageStim', opacity=1.0, ori=0.0, pos=array([0., 0.]), size=array([12.40653048,  4.04686456]), texRes=128, units='deg', win=Window(...))
10.9334 	EXP 	unnamed Line: lineWidth = 4
16.1011 	DATA 	Keypress: space
16.1205 	EXP 	unnamed Line: start = [-2.2, 1.0]
16.1205 	EXP 	unnamed Line: end = [2.2, 1.0]
16.1205 	EXP 	unnamed Line: start = [-2.2, 1.0]
16.1205 	EXP 	unnamed Line: end = [-1.3339745962155614, 1.5]
16.1205 	EXP 	unnamed Line: start = [-2.2, 1.0]
16.1205 	EXP 	unnamed Line: end = [-1.3339745962155614, 0.5]
16.1205 	EXP 	unnamed Line: start = [2.2, 1.0]
16.1205 	EXP 	unnamed Line: end = [1.3339745962155614, 1.5]
16.1205 	EXP 	unnamed Line: start = [2.2, 1.0]
16.1205 	EXP 	unnamed Line: end = [1.3339745962155614, 0.5]
16.1205 	EXP 	unnamed Line: start = [-3.0, -1.0]
16.1205 	EXP 	unnamed Line: end = [3.0, -1.0]
16.1205 	EXP 	unnamed Line: start = [-3.0, -1.0]
16.1205 	EXP 	unnamed Line: end = [-3.866025403784439, -0.5]
16.1205 	EXP 	unnamed Line: start = [-3.0, -1.0]
16.1205 	EXP 	unnamed Line: end = [-3.866025403784439, -1.5]
16.1205 	EXP 	unnamed Line: start = [3.0, -1.0]
16.1205 	EXP 	unnamed Line: end = [3.866025403784439, -0.5]
16.1205 	EXP 	unnamed Line: start = [3.0, -1.0]
16.1205 	EXP 	unnamed Line: end = [3.866025403784439, -1.5]
16.9551 	DATA 	Keypress: down
17.4703 	EXP 	unnamed Line: start = [-2.6, -1.0]
17.4703 	EXP 	unnamed Line: end = [2.6, -1.0]
17.4703 	EXP 	unnamed Line: start = [-2.6, -1.0]
17.4703 	EXP 	unnamed Line: end = [-1.7339745962155613, -0.5]
17.4703 	EXP 	unnamed Line: start = [-2.6, -1.0]
17.4703 	EXP 	unnamed Line: end = [-1.7339745962155613, -1.5]
17.4703 	EXP 	unnamed Line: start = [2.6, -1.0]
17.4703 	EXP 	unnamed Line: end = [1.7339745962155613, -0.5]
17.4703 	EXP 	unnamed Line: start = [2.6, -1.0]
17.4703 	EXP 	unnamed Line: end = [1.7339745962155613, -1.5]
17.4703 	EXP 	unnamed Line: start = [-3.0, 1.0]
17.4703 	EXP 	unnamed Line: end = [3.0, 1.0]
17.4703 	EXP 	unnamed Line: start = [-3.0, 1.0]
17.4703 	EXP 	unnamed Line: end = [-3.866025403784439, 1.5]
17.4703 	EXP 	unnamed Line: start = [-3.0, 1.0]
17.4703 	EXP 	unnamed Line: end = [-3.866025403784439, 0.5]
17.4703 	EXP 	unnamed Line: start = [3.0, 1.0]
17.4703 	EXP 	unnamed Line: end = [3.866025403784439, 1.5]
17.4703 	EXP 	unnamed Line: start = [3.0, 1.0]
17.4703 	EXP 	unnamed Line: end = [3.866025403784439, 0.5]
18.2285 	DATA 	Keypress: up
18.7429 	EXP 	unnamed Line: start = [-2.6, -1.0]
18.7429 	EXP 	unnamed Line: end = [2.6, -1.0]
18.7429 	EXP 	unnamed Line: start = [-2.6, -1.0]
18.7429 	EXP 	unnamed Line: end = [-1.7339745962155613, -0.5]
18.7429 	EXP 	unnamed Line: start = [-2.6, -1.0]
18.7429 	EXP 	unnamed Line: end = [-1.7339745962155613, -1.5]
18.7429 	EXP 	unnamed Line: start = [2.6, -1.0]
18.7429 	EXP 	unnamed Line: end = [1.7339745962155613, -0.5]
18.7429 	EXP 	unnamed Line: start = [2.6, -1.0]
18.7429 	EXP 	unnamed Line: end = [1.7339745962155613, -1.5]
18.7429 	EXP 	unnamed Line: start = [-3.0, 1.0]
18.7429 	EXP 	unnamed Line: end = [3.0, 1.0]
18.7429 	EXP 	unnamed Line: start = [-3.0, 1.0]
18.7429 	EXP 	unnamed Line: end = [-3.866025403784439, 1.5]
18.7429 	EXP 	unnamed Line: start = [-3.0, 1.0]
18.7429 	EXP 	unnamed Line: end = [-3.866025403784439, 0.5]
18.7429 	EXP 	unnamed Line: start = [3.0, 1.0]
18.7429 	EXP 	unnamed Line: end = [3.866025403784439, 1.5]
18.7429 	EXP 	unnamed Line: start = [3.0, 1.0]
18.7429 	EXP 	unnamed Line: end = [3.866025403784439, 0.5]
19.2848 	DATA 	Keypress: up
19.7989 	EXP 	unnamed Line: start = [-3.2, -1.0]
19.7989 	EXP 	unnamed Line: end = [3.2, -1.0]
19.7989 	EXP 	unnamed Line: start = [-3.2, -1.0]
19.7989 	EXP 	unnamed Line: end = [-2.3339745962155614, -0.5]
19.7989 	EXP 	unnamed Line: start = [-3.2, -1.0]
19.7989 	EXP 	unnamed Line: end = [-2.3339745962155614, -1.5]
19.7989 	EXP 	unnamed Line: start = [3.2, -1.0]
19.7989 	EXP 	unnamed Line: end = [2.3339745962155614, -0.5]
19.7989 	EXP 	unnamed Line: start = [3.2, -1.0]
19.7989 	EXP 	unnamed Line: end = [2.3339745962155614, -1.5]
19.7989 	EXP 	unnamed Line: start = [-3.0, 1.0]
19.7989 	EXP 	unnamed Line: end = [3.0, 1.0]
19.7989 	EXP 	unnamed Line: start = [-3.0, 1.0]
19.7989 	EXP 	unnamed Line: end = [-3.866025403784439, 1.5]
19.7989 	EXP 	unnamed Line: start = [-3.0, 1.0]
19.7989 	EXP 	unnamed Line: end = [-3.866025403784439, 0.5]
19.7989 	EXP 	unnamed Line: start = [3.0, 1.0]
19.7989 	EXP 	unnamed Line: end = [3.866025403784439, 1.5]
19.7989 	EXP 	unnamed Line: start = [3.0, 1.0]
19.7989 	EXP 	unnamed Line: end = [3.866025403784439, 0.5]
20.3688 	DATA 	Keypress: up
20.8835 	EXP 	unnamed Line: start = [-3.4000000000000004, 1.0]
20.8835 	EXP 	unnamed Line: end = [3.4000000000000004, 1.0]
20.8835 	EXP 	unnamed Line: start = [-3.4000000000000004, 1.0]
20.8835 	EXP 	unnamed Line: end = [-2.5339745962155615, 1.5]
20.8835 	EXP 	unnamed Line: start = [-3.4000000000000004, 1.0]
20.8835 	EXP 	unnamed Line: end = [-2.5339745962155615, 0.5]
20.8835 	EXP 	unnamed Line: start = [3.4000000000000004, 1.0]
20.8835 	EXP 	unnamed Line: end = [2.5339745962155615, 1.5]
20.8835 	EXP 	unnamed Line: start = [3.4000000000000004, 1.0]
20.8835 	EXP 	unnamed Line: end = [2.5339745962155615, 0.5]
20.8835 	EXP 	unnamed Line: start = [-3.0, -1.0]
20.8835 	EXP 	unnamed Line: end = [3.0, -1.0]
20.8835 	EXP 	unnamed Line: start = [-3.0, -1.0]
20.8835 	EXP 	unnamed Line: end = [-3.866025403784439, -0.5]
20.8835 	EXP 	unnamed Line: start = [-3.0, -1.0]
20.8835 	EXP 	unnamed Line: end = [-3.866025403784439, -1.5]
20.8835 	EXP 	unnamed Line: start = [3.0, -1.0]
20.8835 	EXP 	unnamed Line: end = [3.866025403784439, -0.5]
20.8835 	EXP 	unnamed Line: start = [3.0, -1.0]
20.8835 	EXP 	unnamed Line: end = [3.866025403784439, -1.5]
22.5163 	DATA 	Keypress: down
23.0281 	EXP 	unnamed Line: start = [-3.8, -1.0]
23.0281 	EXP 	unnamed Line: end = [3.8, -1.0]
23.0281 	EXP 	unnamed Line: start = [-3.8, -1.0]
23.0281 	EXP 	unnamed Line: end = [-2.933974596215561, -0.5]
23.0281 	EXP 	unnamed Line: start = [-3.8, -1.0]
23.0281 	EXP 	unnamed Line: end = [-2.933974596215561, -1.5]
23.0281 	EXP 	unnamed Line: start = [3.8, -1.0]
23.0281 	EXP 	unnamed Line: end = [2.933974596215561, -0.5]
23.0281 	EXP 	unnamed Line: start = [3.8, -1.0]
23.0281 	EXP 	unnamed Line: end = [2.933974596215561, -1.5]
23.0281 	EXP 	unnamed Line: start = [-3.0, 1.0]
23.0281 	EXP 	unnamed Line: end = [3.0, 1.0]
23.0281 	EXP 	unnamed Line: start = [-3.0, 1.0]
23.0281 	EXP 	unnamed Line: end = [-3.866025403784439, 1.5]
23.0281 	EXP 	unnamed Line: start = [-3.0, 1.0]
23.0281 	EXP 	unnamed Line: end = [-3.866025403784439, 0.5]
23.0281 	EXP 	unnamed Line: start = [3.0, 1.0]
23.0281 	EXP 	unnamed Line: end = [3.866025403784439, 1.5]
23.0281 	EXP 	unnamed Line: start = [3.0, 1.0]
23.0281 	EXP 	unnamed Line: end = [3.866025403784439, 0.5]
24.1609 	DATA 	Keypress: down
24.6720 	EXP 	unnamed Line: start = [-2.6, -1.0]
24.6720 	EXP 	unnamed Line: end = [2.6, -1.0]
24.6720 	EXP 	unnamed Line: start = [-2.6, -1.0]
24.6720 	EXP 	unnamed Line: end = [-1.7339745962155613, -0.5]
24.6720 	EXP 	unnamed Line: start = [-2.6, -1.0]
24.6720 	EXP 	unnamed Line: end = [-1.7339745962155613, -1.5]
24.6720 	EXP 	unnamed Line: start = [2.6, -1.0]
24.6720 	EXP 	unnamed Line: end = [1.7339745962155613, -0.5]
24.6720 	EXP 	unnamed Line: start = [2.6, -1.0]
24.6720 	EXP 	unnamed Line: end = [1.7339745962155613, -1.5]
24.6720 	EXP 	unnamed Line: start = [-3.0, 1.0]
24.6720 	EXP 	unnamed Line: end = [3.0, 1.0]
24.6720 	EXP 	unnamed Line: start = [-3.0, 1.0]
24.6720 	EXP 	unnamed Line: end = [-3.866025403784439, 1.5]
24.6720 	EXP 	unnamed Line: start = [-3.0, 1.0]
24.6720 	EXP 	unnamed Line: end = [-3.866025403784439, 0.5]
24.6720 	EXP 	unnamed Line: start = [3.0, 1.0]
24.6720 	EXP 	unnamed Line: end = [3.866025403784439, 1.5]
24.6720 	EXP 	unnamed Line: start = [3.0, 1.0]
24.6720 	EXP 	unnamed Line: end = [3.866025403784439, 0.5]
25.5945 	DATA 	Keypress: up
26.1083 	EXP 	unnamed Line: start = [-4.0, -1.0]
26.1083 	EXP 	unnamed Line: end = [4.0, -1.0]
26.1083 	EXP 	unnamed Line: start = [-4.0, -1.0]
26.1083 	EXP 	unnamed Line: end = [-3.133974596215561, -0.5]
26.1083 	EXP 	unnamed Line: start = [-4.0, -1.0]
26.1083 	EXP 	unnamed Line: end = [-3.133974596215561, -1.5]
26.1083 	EXP 	unnamed Line: start = [4.0, -1.0]
26.1083 	EXP 	unnamed Line: end = [3.133974596215561, -0.5]
26.1083 	EXP 	unnamed Line: start = [4.0, -1.0]
26.1083 	EXP 	unnamed Line: end = [3.133974596215561, -1.5]
26.1083 	EXP 	unnamed Line: start = [-3.0, 1.0]
26.1083 	EXP 	unnamed Line: end = [3.0, 1.0]
26.1083 	EXP 	unnamed Line: start = [-3.0, 1.0]
26.1083 	EXP 	unnamed Line: end = [-3.866025403784439, 1.5]
26.1083 	EXP 	unnamed Line: start = [-3.0, 1.0]
26.1083 	EXP 	unnamed Line: end = [-3.866025403784439, 0.5]
26.1083 	EXP 	unnamed Line: start = [3.0, 1.0]
26.1083 	EXP 	unnamed Line: end = [3.866025403784439, 1.5]
26.1083 	EXP 	unnamed Line: start = [3.0, 1.0]
26.1083 	EXP 	unnamed Line: end = [3.866025403784439, 0.5]
26.8616 	DATA 	Keypress: down
27.3741 	EXP 	unnamed Line: start = [-3.4000000000000004, 1.0]
27.3741 	EXP 	unnamed Line: end = [3.4000000000000004, 1.0]
27.3741 	EXP 	unnamed Line: start = [-3.4000000000000004, 1.0]
27.3741 	EXP 	unnamed Line: end = [-2.5339745962155615, 1.5]
27.3741 	EXP 	unnamed Line: start = [-3.4000000000000004, 1.0]
27.3741 	EXP 	unnamed Line: end = [-2.5339745962155615, 0.5]
27.3741 	EXP 	unnamed Line: start = [3.4000000000000004, 1.0]
27.3741 	EXP 	unnamed Line: end = [2.5339745962155615, 1.5]
27.3741 	EXP 	unnamed Line: start = [3.4000000000000004, 1.0]
27.3741 	EXP 	unnamed Line: end = [2.5339745962155615, 0.5]
27.3741 	EXP 	unnamed Line: start = [-3.0, -1.0]
27.3741 	EXP 	unnamed Line: end = [3.0, -1.0]
27.3741 	EXP 	unnamed Line: start = [-3.0, -1.0]
27.3741 	EXP 	unnamed Line: end = [-3.866025403784439, -0.5]
27.3741 	EXP 	unnamed Line: start = [-3.0, -1.0]
27.3741 	EXP 	unnamed Line: end = [-3.866025403784439, -1.5]
27.3741 	EXP 	unnamed Line: start = [3.0, -1.0]
27.3741 	EXP 	unnamed Line: end = [3.866025403784439, -0.5]
27.3741 	EXP 	unnamed Line: start = [3.0, -1.0]
27.3741 	EXP 	unnamed Line: end = [3.866025403784439, -1.5]
28.3011 	DATA 	Keypress: down
28.8121 	EXP 	unnamed Line: start = [-2.2, -1.0]
28.8121 	EXP 	unnamed Line: end = [2.2, -1.0]
28.8121 	EXP 	unnamed Line: start = [-2.2, -1.0]
28.8121 	EXP 	unnamed Line: end = [-1.3339745962155614, -0.5]
28.8121 	EXP 	unnamed Line: start = [-2.2, -1.0]
28.8121 	EXP 	unnamed Line: end = [-1.3339745962155614, -1.5]
28.8121 	EXP 	unnamed Line: start = [2.2, -1.0]
28.8121 	EXP 	unnamed Line: end = [1.3339745962155614, -0.5]
28.8121 	EXP 	unnamed Line: start = [2.2, -1.0]
28.8121 	EXP 	unnamed Line: end = [1.3339745962155614, -1.5]
28.8121 	EXP 	unnamed Line: start = [-3.0, 1.0]
28.8121 	EXP 	unnamed Line: end = [3.0, 1.0]
28.8121 	EXP 	unnamed Line: start = [-3.0, 1.0]
28.8121 	EXP 	unnamed Line: end = [-3.866025403784439, 1.5]
28.8121 	EXP 	unnamed Line: start = [-3.0, 1.0]
28.8121 	EXP 	unnamed Line: end = [-3.866025403784439, 0.5]
28.8121 	EXP 	unnamed Line: start = [3.0, 1.0]
28.8121 	EXP 	unnamed Line: end = [3.866025403784439, 1.5]
28.8121 	EXP 	unnamed Line: start = [3.0, 1.0]
28.8121 	EXP 	unnamed Line: end = [3.866025403784439, 0.5]
29.3603 	DATA 	Keypress: up
29.8733 	EXP 	unnamed Line: start = [-3.2, 1.0]
29.8733 	EXP 	unnamed Line: end = [3.2, 1.0]
29.8733 	EXP 	unnamed Line: start = [-3.2, 1.0]
29.8733 	EXP 	unnamed Line: end = [-2.3339745962155614, 1.5]
29.8733 	EXP 	unnamed Line: start = [-3.2, 1.0]
29.8733 	EXP 	unnamed Line: end = [-2.3339745962155614, 0.5]
29.8733 	EXP 	unnamed Line: start = [3.2, 1.0]
29.8733 	EXP 	unnamed Line: end = [2.3339745962155614, 1.5]
29.8733 	EXP 	unnamed Line: start = [3.2, 1.0]
29.8733 	EXP 	unnamed Line: end = [2.3339745962155614, 0.5]
29.8733 	EXP 	unnamed Line: start = [-3.0, -1.0]
29.8733 	EXP 	unnamed Line: end = [3.0, -1.0]
29.8733 	EXP 	unnamed Line: start = [-3.0, -1.0]
29.8733 	EXP 	unnamed Line: end = [-3.866025403784439, -0.5]
29.8733 	EXP 	unnamed Line: start = [-3.0, -1.0]
29.8733 	EXP 	unnamed Line: end = [-3.866025403784439, -1.5]
29.8733 	EXP 	unnamed Line: start = [3.0, -1.0]
29.8733 	EXP 	unnamed Line: end = [3.866025403784439, -0.5]
29.8733 	EXP 	unnamed Line: start = [3.0, -1.0]
29.8733 	EXP 	unnamed Line: end = [3.866025403784439, -1.5]
30.5792 	DATA 	Keypress: down
31.0922 	EXP 	unnamed Line: start = [-2.4, -1.0]
31.0922 	EXP 	unnamed Line: end = [2.4, -1.0]
31.0922 	EXP 	unnamed Line: start = [-2.4, -1.0]
31.0922 	EXP 	unnamed Line: end = [-1.533974596215561, -0.5]
31.0922 	EXP 	unnamed Line: start = [-2.4, -1.0]
31.0922 	EXP 	unnamed Line: end = [-1.533974596215561, -1.5]
31.0922 	EXP 	unnamed Line: start = [2.4, -1.0]
31.0922 	EXP 	unnamed Line: end = [1.533974596215561, -0.5]
31.0922 	EXP 	unnamed Line: start = [2.4, -1.0]
31.0922 	EXP 	unnamed Line: end = [1.533974596215561, -1.5]
31.0922 	EXP 	unnamed Line: start = [-3.0, 1.0]
31.0922 	EXP 	unnamed Line: end = [3.0, 1.0]
31.0922 	EXP 	unnamed Line: start = [-3.0, 1.0]
31.0922 	EXP 	unnamed Line: end = [-3.866025403784439, 1.5]
31.0922 	EXP 	unnamed Line: start = [-3.0, 1.0]
31.0922 	EXP 	unnamed Line: end = [-3.866025403784439, 0.5]
31.0922 	EXP 	unnamed Line: start = [3.0, 1.0]
31.0922 	EXP 	unnamed Line: end = [3.866025403784439, 1.5]
31.0922 	EXP 	unnamed Line: start = [3.0, 1.0]
31.0922 	EXP 	unnamed Line: end = [3.866025403784439, 0.5]
31.6935 	DATA 	Keypress: up
32.2060 	EXP 	unnamed Line: start = [-2.8, -1.0]
32.2060 	EXP 	unnamed Line: end = [2.8, -1.0]
32.2060 	EXP 	unnamed Line: start = [-2.8, -1.0]
32.2060 	EXP 	unnamed Line: end = [-1.933974596215561, -0.5]
32.2060 	EXP 	unnamed Line: start = [-2.8, -1.0]
32.2060 	EXP 	unnamed Line: end = [-1.933974596215561, -1.5]
32.2060 	EXP 	unnamed Line: start = [2.8, -1.0]
32.2060 	EXP 	unnamed Line: end = [1.933974596215561, -0.5]
32.2060 	EXP 	unnamed Line: start = [2.8, -1.0]
32.2060 	EXP 	unnamed Line: end = [1.933974596215561, -1.5]
32.2060 	EXP 	unnamed Line: start = [-3.0, 1.0]
32.2060 	EXP 	unnamed Line: end = [3.0, 1.0]
32.2060 	EXP 	unnamed Line: start = [-3.0, 1.0]
32.2060 	EXP 	unnamed Line: end = [-3.866025403784439, 1.5]
32.2060 	EXP 	unnamed Line: start = [-3.0, 1.0]
32.2060 	EXP 	unnamed Line: end = [-3.866025403784439, 0.5]
32.2060 	EXP 	unnamed Line: start = [3.0, 1.0]
32.2060 	EXP 	unnamed Line: end = [3.866025403784439, 1.5]
32.2060 	EXP 	unnamed Line: start = [3.0, 1.0]
32.2060 	EXP 	unnamed Line: end = [3.866025403784439, 0.5]
32.7305 	DATA 	Keypress: up
33.2406 	EXP 	unnamed Line: start = [-3.2, 1.0]
33.2406 	EXP 	unnamed Line: end = [3.2, 1.0]
33.2406 	EXP 	unnamed Line: start = [-3.2, 1.0]
33.2406 	EXP 	unnamed Line: end = [-2.3339745962155614, 1.5]
33.2406 	EXP 	unnamed Line: start = [-3.2, 1.0]
33.2406 	EXP 	unnamed Line: end = [-2.3339745962155614, 0.5]
33.2406 	EXP 	unnamed Line: start = [3.2, 1.0]
33.2406 	EXP 	unnamed Line: end = [2.3339745962155614, 1.5]
33.2406 	EXP 	unnamed Line: start = [3.2, 1.0]
33.2406 	EXP 	unnamed Line: end = [2.3339745962155614, 0.5]
33.2406 	EXP 	unnamed Line: start = [-3.0, -1.0]
33.2406 	EXP 	unnamed Line: end = [3.0, -1.0]
33.2406 	EXP 	unnamed Line: start = [-3.0, -1.0]
33.2406 	EXP 	unnamed Line: end = [-3.866025403784439, -0.5]
33.2406 	EXP 	unnamed Line: start = [-3.0, -1.0]
33.2406 	EXP 	unnamed Line: end = [-3.866025403784439, -1.5]
33.2406 	EXP 	unnamed Line: start = [3.0, -1.0]
33.2406 	EXP 	unnamed Line: end = [3.866025403784439, -0.5]
33.2406 	EXP 	unnamed Line: start = [3.0, -1.0]
33.2406 	EXP 	unnamed Line: end = [3.866025403784439, -1.5]
33.6832 	DATA 	Keypress: down
34.1973 	EXP 	unnamed Line: start = [-3.0, -1.0]
34.1973 	EXP 	unnamed Line: end = [3.0, -1.0]
34.1973 	EXP 	unnamed Line: start = [-3.0, -1.0]
34.1973 	EXP 	unnamed Line: end = [-2.133974596215561, -0.5]
34.1973 	EXP 	unnamed Line: start = [-3.0, -1.0]
34.1973 	EXP 	unnamed Line: end = [-2.133974596215561, -1.5]
34.1973 	EXP 	unnamed Line: start = [3.0, -1.0]
34.1973 	EXP 	unnamed Line: end = [2.133974596215561, -0.5]
34.1973 	EXP 	unnamed Line: start = [3.0, -1.0]
34.1973 	EXP 	unnamed Line: end = [2.133974596215561, -1.5]
34.1973 	EXP 	unnamed Line: start = [-3.0, 1.0]
34.1973 	EXP 	unnamed Line: end = [3.0, 1.0]
34.1973 	EXP 	unnamed Line: start = [-3.0, 1.0]
34.1973 	EXP 	unnamed Line: end = [-3.866025403784439, 1.5]
34.1973 	EXP 	unnamed Line: start = [-3.0, 1.0]
34.1973 	EXP 	unnamed Line: end = [-3.866025403784439, 0.5]
34.1973 	EXP 	unnamed Line: start = [3.0, 1.0]
34.1973 	EXP 	unnamed Line: end = [3.866025403784439, 1.5]
34.1973 	EXP 	unnamed Line: start = [3.0, 1.0]
34.1973 	EXP 	unnamed Line: end = [3.866025403784439, 0.5]
34.7543 	DATA 	Keypress: up
35.2685 	EXP 	unnamed Line: start = [-4.0, -1.0]
35.2685 	EXP 	unnamed Line: end = [4.0, -1.0]
35.2685 	EXP 	unnamed Line: start = [-4.0, -1.0]
35.2685 	EXP 	unnamed Line: end = [-3.133974596215561, -0.5]
35.2685 	EXP 	unnamed Line: start = [-4.0, -1.0]
35.2685 	EXP 	unnamed Line: end = [-3.133974596215561, -1.5]
35.2685 	EXP 	unnamed Line: start = [4.0, -1.0]
35.2685 	EXP 	unnamed Line: end = [3.133974596215561, -0.5]
35.2685 	EXP 	unnamed Line: start = [4.0, -1.0]
35.2685 	EXP 	unnamed Line: end = [3.133974596215561, -1.5]
35.2685 	EXP 	unnamed Line: start = [-3.0, 1.0]
35.2685 	EXP 	unnamed Line: end = [3.0, 1.0]
35.2685 	EXP 	unnamed Line: start = [-3.0, 1.0]
35.2685 	EXP 	unnamed Line: end = [-3.866025403784439, 1.5]
35.2685 	EXP 	unnamed Line: start = [-3.0, 1.0]
35.2685 	EXP 	unnamed Line: end = [-3.866025403784439, 0.5]
35.2685 	EXP 	unnamed Line: start = [3.0, 1.0]
35.2685 	EXP 	unnamed Line: end = [3.866025403784439, 1.5]
35.2685 	EXP 	unnamed Line: start = [3.0, 1.0]
35.2685 	EXP 	unnamed Line: end = [3.866025403784439, 0.5]
35.8197 	DATA 	Keypress: down
36.3355 	EXP 	unnamed Line: start = [-2.2, 1.0]
36.3355 	EXP 	unnamed Line: end = [2.2, 1.0]
36.3355 	EXP 	unnamed Line: start = [-2.2, 1.0]
36.3355 	EXP 	unnamed Line: end = [-1.3339745962155614, 1.5]
36.3355 	EXP 	unnamed Line: start = [-2.2, 1.0]
36.3355 	EXP 	unnamed Line: end = [-1.3339745962155614, 0.5]
36.3355 	EXP 	unnamed Line: start = [2.2, 1.0]
36.3355 	EXP 	unnamed Line: end = [1.3339745962155614, 1.5]
36.3355 	EXP 	unnamed Line: start = [2.2, 1.0]
36.3355 	EXP 	unnamed Line: end = [1.3339745962155614, 0.5]
36.3355 	EXP 	unnamed Line: start = [-3.0, -1.0]
36.3355 	EXP 	unnamed Line: end = [3.0, -1.0]
36.3355 	EXP 	unnamed Line: start = [-3.0, -1.0]
36.3355 	EXP 	unnamed Line: end = [-3.866025403784439, -0.5]
36.3355 	EXP 	unnamed Line: start = [-3.0, -1.0]
36.3355 	EXP 	unnamed Line: end = [-3.866025403784439, -1.5]
36.3355 	EXP 	unnamed Line: start = [3.0, -1.0]
36.3355 	EXP 	unnamed Line: end = [3.866025403784439, -0.5]
36.3355 	EXP 	unnamed Line: start = [3.0, -1.0]
36.3355 	EXP 	unnamed Line: end = [3.866025403784439, -1.5]
36.8058 	DATA 	Keypress: down
37.3241 	EXP 	unnamed Line: start = [-3.6, 1.0]
37.3241 	EXP 	unnamed Line: end = [3.6, 1.0]
37.3241 	EXP 	unnamed Line: start = [-3.6, 1.0]
37.3241 	EXP 	unnamed Line: end = [-2.7339745962155613, 1.5]
37.3241 	EXP 	unnamed Line: start = [-3.6, 1.0]
37.3241 	EXP 	unnamed Line: end = [-2.7339745962155613, 0.5]
37.3241 	EXP 	unnamed Line: start = [3.6, 1.0]
37.3241 	EXP 	unnamed Line: end = [2.7339745962155613, 1.5]
37.3241 	EXP 	unnamed Line: start = [3.6, 1.0]
37.3241 	EXP 	unnamed Line: end = [2.7339745962155613, 0.5]
37.3241 	EXP 	unnamed Line: start = [-3.0, -1.0]
37.3241 	EXP 	unnamed Line: end = [3.0, -1.0]
37.3241 	EXP 	unnamed Line: start = [-3.0, -1.0]
37.3241 	EXP 	unnamed Line: end = [-3.866025403784439, -0.5]
37.3241 	EXP 	unnamed Line: start = [-3.0, -1.0]
37.3241 	EXP 	unnamed Line: end = [-3.866025403784439, -1.5]
37.3241 	EXP 	unnamed Line: start = [3.0, -1.0]
37.3241 	EXP 	unnamed Line: end = [3.866025403784439, -0.5]
37.3241 	EXP 	unnamed Line: start = [3.0, -1.0]
37.3241 	EXP 	unnamed Line: end = [3.866025403784439, -1.5]
38.6071 	DATA 	Keypress: up
39.1242 	EXP 	unnamed Line: start = [-2.2, -1.0]
39.1242 	EXP 	unnamed Line: end = [2.2, -1.0]
39.1242 	EXP 	unnamed Line: start = [-2.2, -1.0]
39.1242 	EXP 	unnamed Line: end = [-1.3339745962155614, -0.5]
39.1242 	EXP 	unnamed Line: start = [-2.2, -1.0]
39.1242 	EXP 	unnamed Line: end = [-1.3339745962155614, -1.5]
39.1242 	EXP 	unnamed Line: start = [2.2, -1.0]
39.1242 	EXP 	unnamed Line: end = [1.3339745962155614, -0.5]
39.1242 	EXP 	unnamed Line: start = [2.2, -1.0]
39.1242 	EXP 	unnamed Line: end = [1.3339745962155614, -1.5]
39.1242 	EXP 	unnamed Line: start = [-3.0, 1.0]
39.1242 	EXP 	unnamed Line: end = [3.0, 1.0]
39.1242 	EXP 	unnamed Line: start = [-3.0, 1.0]
39.1242 	EXP 	unnamed Line: end = [-3.866025403784439, 1.5]
39.1242 	EXP 	unnamed Line: start = [-3.0, 1.0]
39.1242 	EXP 	unnamed Line: end = [-3.866025403784439, 0.5]
39.1242 	EXP 	unnamed Line: start = [3.0, 1.0]
39.1242 	EXP 	unnamed Line: end = [3.866025403784439, 1.5]
39.1242 	EXP 	unnamed Line: start = [3.0, 1.0]
39.1242 	EXP 	unnamed Line: end = [3.866025403784439, 0.5]
40.0398 	DATA 	Keypress: up
40.0632 	DATA 	Keypress: down
40.5531 	EXP 	unnamed Line: start = [-3.4000000000000004, 1.0]
40.5531 	EXP 	unnamed Line: end = [3.4000000000000004, 1.0]
40.5531 	EXP 	unnamed Line: start = [-3.4000000000000004, 1.0]
40.5531 	EXP 	unnamed Line: end = [-2.5339745962155615, 1.5]
40.5531 	EXP 	unnamed Line: start = [-3.4000000000000004, 1.0]
40.5531 	EXP 	unnamed Line: end = [-2.5339745962155615, 0.5]
40.5531 	EXP 	unnamed Line: start = [3.4000000000000004, 1.0]
40.5531 	EXP 	unnamed Line: end = [2.5339745962155615, 1.5]
40.5531 	EXP 	unnamed Line: start = [3.4000000000000004, 1.0]
40.5531 	EXP 	unnamed Line: end = [2.5339745962155615, 0.5]
40.5531 	EXP 	unnamed Line: start = [-3.0, -1.0]
40.5531 	EXP 	unnamed Line: end = [3.0, -1.0]
40.5531 	EXP 	unnamed Line: start = [-3.0, -1.0]
40.5531 	EXP 	unnamed Line: end = [-3.866025403784439, -0.5]
40.5531 	EXP 	unnamed Line: start = [-3.0, -1.0]
40.5531 	EXP 	unnamed Line: end = [-3.866025403784439, -1.5]
40.5531 	EXP 	unnamed Line: start = [3.0, -1.0]
40.5531 	EXP 	unnamed Line: end = [3.866025403784439, -0.5]
40.5531 	EXP 	unnamed Line: start = [3.0, -1.0]
40.5531 	EXP 	unnamed Line: end = [3.866025403784439, -1.5]
41.4689 	DATA 	Keypress: down
41.9830 	EXP 	unnamed Line: start = [-2.0, -1.0]
41.9830 	EXP 	unnamed Line: end = [2.0, -1.0]
41.9830 	EXP 	unnamed Line: start = [-2.0, -1.0]
41.9830 	EXP 	unnamed Line: end = [-1.1339745962155612, -0.5]
41.9830 	EXP 	unnamed Line: start = [-2.0, -1.0]
41.9830 	EXP 	unnamed Line: end = [-1.1339745962155612, -1.5]
41.9830 	EXP 	unnamed Line: start = [2.0, -1.0]
41.9830 	EXP 	unnamed Line: end = [1.1339745962155612, -0.5]
41.9830 	EXP 	unnamed Line: start = [2.0, -1.0]
41.9830 	EXP 	unnamed Line: end = [1.1339745962155612, -1.5]
41.9830 	EXP 	unnamed Line: start = [-3.0, 1.0]
41.9830 	EXP 	unnamed Line: end = [3.0, 1.0]
41.9830 	EXP 	unnamed Line: start = [-3.0, 1.0]
41.9830 	EXP 	unnamed Line: end = [-3.866025403784439, 1.5]
41.9830 	EXP 	unnamed Line: start = [-3.0, 1.0]
41.9830 	EXP 	unnamed Line: end = [-3.866025403784439, 0.5]
41.9830 	EXP 	unnamed Line: start = [3.0, 1.0]
41.9830 	EXP 	unnamed Line: end = [3.866025403784439, 1.5]
41.9830 	EXP 	unnamed Line: start = [3.0, 1.0]
41.9830 	EXP 	unnamed Line: end = [3.866025403784439, 0.5]
42.6261 	DATA 	Keypress: up
43.1369 	EXP 	unnamed Line: start = [-3.4000000000000004, 1.0]
43.1369 	EXP 	unnamed Line: end = [3.4000000000000004, 1.0]
43.1369 	EXP 	unnamed Line: start = [-3.4000000000000004, 1.0]
43.1369 	EXP 	unnamed Line: end = [-2.5339745962155615, 1.5]
43.1369 	EXP 	unnamed Line: start = [-3.4000000000000004, 1.0]
43.1369 	EXP 	unnamed Line: end = [-2.5339745962155615, 0.5]
43.1369 	EXP 	unnamed Line: start = [3.4000000000000004, 1.0]
43.1369 	EXP 	unnamed Line: end = [2.5339745962155615, 1.5]
43.1369 	EXP 	unnamed Line: start = [3.4000000000000004, 1.0]
43.1369 	EXP 	unnamed Line: end = [2.5339745962155615, 0.5]
43.1369 	EXP 	unnamed Line: start = [-3.0, -1.0]
43.1369 	EXP 	unnamed Line: end = [3.0, -1.0]
43.1369 	EXP 	unnamed Line: start = [-3.0, -1.0]
43.1369 	EXP 	unnamed Line: end = [-3.866025403784439, -0.5]
43.1369 	EXP 	unnamed Line: start = [-3.0, -1.0]
43.1369 	EXP 	unnamed Line: end = [-3.866025403784439, -1.5]
43.1369 	EXP 	unnamed Line: start = [3.0, -1.0]
43.1369 	EXP 	unnamed Line: end = [3.866025403784439, -0.5]
43.1369 	EXP 	unnamed Line: start = [3.0, -1.0]
43.1369 	EXP 	unnamed Line: end = [3.866025403784439, -1.5]
43.9573 	DATA 	Keypress: down
44.4712 	EXP 	unnamed Line: start = [-2.8, -1.0]
44.4712 	EXP 	unnamed Line: end = [2.8, -1.0]
44.4712 	EXP 	unnamed Line: start = [-2.8, -1.0]
44.4712 	EXP 	unnamed Line: end = [-1.933974596215561, -0.5]
44.4712 	EXP 	unnamed Line: start = [-2.8, -1.0]
44.4712 	EXP 	unnamed Line: end = [-1.933974596215561, -1.5]
44.4712 	EXP 	unnamed Line: start = [2.8, -1.0]
44.4712 	EXP 	unnamed Line: end = [1.933974596215561, -0.5]
44.4712 	EXP 	unnamed Line: start = [2.8, -1.0]
44.4712 	EXP 	unnamed Line: end = [1.933974596215561, -1.5]
44.4712 	EXP 	unnamed Line: start = [-3.0, 1.0]
44.4712 	EXP 	unnamed Line: end = [3.0, 1.0]
44.4712 	EXP 	unnamed Line: start = [-3.0, 1.0]
44.4712 	EXP 	unnamed Line: end = [-3.866025403784439, 1.5]
44.4712 	EXP 	unnamed Line: start = [-3.0, 1.0]
44.4712 	EXP 	unnamed Line: end = [-3.866025403784439, 0.5]
44.4712 	EXP 	unnamed Line: start = [3.0, 1.0]
44.4712 	EXP 	unnamed Line: end = [3.866025403784439, 1.5]
44.4712 	EXP 	unnamed Line: start = [3.0, 1.0]
44.4712 	EXP 	unnamed Line: end = [3.866025403784439, 0.5]
44.9526 	DATA 	Keypress: up
45.4688 	EXP 	unnamed Line: start = [-3.8, -1.0]
45.4688 	EXP 	unnamed Line: end = [3.8, -1.0]
45.4688 	EXP 	unnamed Line: start = [-3.8, -1.0]
45.4688 	EXP 	unnamed Line: end = [-2.933974596215561, -0.5]
45.4688 	EXP 	unnamed Line: start = [-3.8, -1.0]
45.4688 	EXP 	unnamed Line: end = [-2.933974596215561, -1.5]
45.4688 	EXP 	unnamed Line: start = [3.8, -1.0]
45.4688 	EXP 	unnamed Line: end = [2.933974596215561, -0.5]
45.4688 	EXP 	unnamed Line: start = [3.8, -1.0]
45.4688 	EXP 	unnamed Line: end = [2.933974596215561, -1.5]
45.4688 	EXP 	unnamed Line: start = [-3.0, 1.0]
45.4688 	EXP 	unnamed Line: end = [3.0, 1.0]
45.4688 	EXP 	unnamed Line: start = [-3.0, 1.0]
45.4688 	EXP 	unnamed Line: end = [-3.866025403784439, 1.5]
45.4688 	EXP 	unnamed Line: start = [-3.0, 1.0]
45.4688 	EXP 	unnamed Line: end = [-3.866025403784439, 0.5]
45.4688 	EXP 	unnamed Line: start = [3.0, 1.0]
45.4688 	EXP 	unnamed Line: end = [3.866025403784439, 1.5]
45.4688 	EXP 	unnamed Line: start = [3.0, 1.0]
45.4688 	EXP 	unnamed Line: end = [3.866025403784439, 0.5]
46.1122 	DATA 	Keypress: down
46.6281 	EXP 	unnamed Line: start = [-2.4, 1.0]
46.6281 	EXP 	unnamed Line: end = [2.4, 1.0]
46.6281 	EXP 	unnamed Line: start = [-2.4, 1.0]
46.6281 	EXP 	unnamed Line: end = [-1.533974596215561, 1.5]
46.6281 	EXP 	unnamed Line: start = [-2.4, 1.0]
46.6281 	EXP 	unnamed Line: end = [-1.533974596215561, 0.5]
46.6281 	EXP 	unnamed Line: start = [2.4, 1.0]
46.6281 	EXP 	unnamed Line: end = [1.533974596215561, 1.5]
46.6281 	EXP 	unnamed Line: start = [2.4, 1.0]
46.6281 	EXP 	unnamed Line: end = [1.533974596215561, 0.5]
46.6281 	EXP 	unnamed Line: start = [-3.0, -1.0]
46.6281 	EXP 	unnamed Line: end = [3.0, -1.0]
46.6281 	EXP 	unnamed Line: start = [-3.0, -1.0]
46.6281 	EXP 	unnamed Line: end = [-3.866025403784439, -0.5]
46.6281 	EXP 	unnamed Line: start = [-3.0, -1.0]
46.6281 	EXP 	unnamed Line: end = [-3.866025403784439, -1.5]
46.6281 	EXP 	unnamed Line: start = [3.0, -1.0]
46.6281 	EXP 	unnamed Line: end = [3.866025403784439, -0.5]
46.6281 	EXP 	unnamed Line: start = [3.0, -1.0]
46.6281 	EXP 	unnamed Line: end = [3.866025403784439, -1.5]
47.1425 	DATA 	Keypress: down
47.6562 	EXP 	unnamed Line: start = [-2.8, 1.0]
47.6562 	EXP 	unnamed Line: end = [2.8, 1.0]
47.6562 	EXP 	unnamed Line: start = [-2.8, 1.0]
47.6562 	EXP 	unnamed Line: end = [-1.933974596215561, 1.5]
47.6562 	EXP 	unnamed Line: start = [-2.8, 1.0]
47.6562 	EXP 	unnamed Line: end = [-1.933974596215561, 0.5]
47.6562 	EXP 	unnamed Line: start = [2.8, 1.0]
47.6562 	EXP 	unnamed Line: end = [1.933974596215561, 1.5]
47.6562 	EXP 	unnamed Line: start = [2.8, 1.0]
47.6562 	EXP 	unnamed Line: end = [1.933974596215561, 0.5]
47.6562 	EXP 	unnamed Line: start = [-3.0, -1.0]
47.6562 	EXP 	unnamed Line: end = [3.0, -1.0]
47.6562 	EXP 	unnamed Line: start = [-3.0, -1.0]
47.6562 	EXP 	unnamed Line: end = [-3.866025403784439, -0.5]
47.6562 	EXP 	unnamed Line: start = [-3.0, -1.0]
47.6562 	EXP 	unnamed Line: end = [-3.866025403784439, -1.5]
47.6562 	EXP 	unnamed Line: start = [3.0, -1.0]
47.6562 	EXP 	unnamed Line: end = [3.866025403784439, -0.5]
47.6562 	EXP 	unnamed Line: start = [3.0, -1.0]
47.6562 	EXP 	unnamed Line: end = [3.866025403784439, -1.5]
48.2977 	DATA 	Keypress: down
48.8116 	EXP 	unnamed Line: start = [-3.6, -1.0]
48.8116 	EXP 	unnamed Line: end = [3.6, -1.0]
48.8116 	EXP 	unnamed Line: start = [-3.6, -1.0]
48.8116 	EXP 	unnamed Line: end = [-2.7339745962155613, -0.5]
48.8116 	EXP 	unnamed Line: start = [-3.6, -1.0]
48.8116 	EXP 	unnamed Line: end = [-2.7339745962155613, -1.5]
48.8116 	EXP 	unnamed Line: start = [3.6, -1.0]
48.8116 	EXP 	unnamed Line: end = [2.7339745962155613, -0.5]
48.8116 	EXP 	unnamed Line: start = [3.6, -1.0]
48.8116 	EXP 	unnamed Line: end = [2.7339745962155613, -1.5]
48.8116 	EXP 	unnamed Line: start = [-3.0, 1.0]
48.8116 	EXP 	unnamed Line: end = [3.0, 1.0]
48.8116 	EXP 	unnamed Line: start = [-3.0, 1.0]
48.8116 	EXP 	unnamed Line: end = [-3.866025403784439, 1.5]
48.8116 	EXP 	unnamed Line: start = [-3.0, 1.0]
48.8116 	EXP 	unnamed Line: end = [-3.866025403784439, 0.5]
48.8116 	EXP 	unnamed Line: start = [3.0, 1.0]
48.8116 	EXP 	unnamed Line: end = [3.866025403784439, 1.5]
48.8116 	EXP 	unnamed Line: start = [3.0, 1.0]
48.8116 	EXP 	unnamed Line: end = [3.866025403784439, 0.5]
49.4238 	DATA 	Keypress: up
49.9376 	EXP 	unnamed Line: start = [-3.0, 1.0]
49.9376 	EXP 	unnamed Line: end = [3.0, 1.0]
49.9376 	EXP 	unnamed Line: start = [-3.0, 1.0]
49.9376 	EXP 	unnamed Line: end = [-2.133974596215561, 1.5]
49.9376 	EXP 	unnamed Line: start = [-3.0, 1.0]
49.9376 	EXP 	unnamed Line: end = [-2.133974596215561, 0.5]
49.9376 	EXP 	unnamed Line: start = [3.0, 1.0]
49.9376 	EXP 	unnamed Line: end = [2.133974596215561, 1.5]
49.9376 	EXP 	unnamed Line: start = [3.0, 1.0]
49.9376 	EXP 	unnamed Line: end = [2.133974596215561, 0.5]
49.9376 	EXP 	unnamed Line: start = [-3.0, -1.0]
49.9376 	EXP 	unnamed Line: end = [3.0, -1.0]
49.9376 	EXP 	unnamed Line: start = [-3.0, -1.0]
49.9376 	EXP 	unnamed Line: end = [-3.866025403784439, -0.5]
49.9376 	EXP 	unnamed Line: start = [-3.0, -1.0]
49.9376 	EXP 	unnamed Line: end = [-3.866025403784439, -1.5]
49.9376 	EXP 	unnamed Line: start = [3.0, -1.0]
49.9376 	EXP 	unnamed Line: end = [3.866025403784439, -0.5]
49.9376 	EXP 	unnamed Line: start = [3.0, -1.0]
49.9376 	EXP 	unnamed Line: end = [3.866025403784439, -1.5]
50.3953 	DATA 	Keypress: down
50.9103 	EXP 	unnamed Line: start = [-4.0, 1.0]
50.9103 	EXP 	unnamed Line: end = [4.0, 1.0]
50.9103 	EXP 	unnamed Line: start = [-4.0, 1.0]
50.9103 	EXP 	unnamed Line: end = [-3.133974596215561, 1.5]
50.9103 	EXP 	unnamed Line: start = [-4.0, 1.0]
50.9103 	EXP 	unnamed Line: end = [-3.133974596215561, 0.5]
50.9103 	EXP 	unnamed Line: start = [4.0, 1.0]
50.9103 	EXP 	unnamed Line: end = [3.133974596215561, 1.5]
50.9103 	EXP 	unnamed Line: start = [4.0, 1.0]
50.9103 	EXP 	unnamed Line: end = [3.133974596215561, 0.5]
50.9103 	EXP 	unnamed Line: start = [-3.0, -1.0]
50.9103 	EXP 	unnamed Line: end = [3.0, -1.0]
50.9103 	EXP 	unnamed Line: start = [-3.0, -1.0]
50.9103 	EXP 	unnamed Line: end = [-3.866025403784439, -0.5]
50.9103 	EXP 	unnamed Line: start = [-3.0, -1.0]
50.9103 	EXP 	unnamed Line: end = [-3.866025403784439, -1.5]
50.9103 	EXP 	unnamed Line: start = [3.0, -1.0]
50.9103 	EXP 	unnamed Line: end = [3.866025403784439, -0.5]
50.9103 	EXP 	unnamed Line: start = [3.0, -1.0]
50.9103 	EXP 	unnamed Line: end = [3.866025403784439, -1.5]
51.4023 	DATA 	Keypress: up
51.9152 	EXP 	unnamed Line: start = [-3.8, -1.0]
51.9152 	EXP 	unnamed Line: end = [3.8, -1.0]
51.9152 	EXP 	unnamed Line: start = [-3.8, -1.0]
51.9152 	EXP 	unnamed Line: end = [-2.933974596215561, -0.5]
51.9152 	EXP 	unnamed Line: start = [-3.8, -1.0]
51.9152 	EXP 	unnamed Line: end = [-2.933974596215561, -1.5]
51.9152 	EXP 	unnamed Line: start = [3.8, -1.0]
51.9152 	EXP 	unnamed Line: end = [2.933974596215561, -0.5]
51.9152 	EXP 	unnamed Line: start = [3.8, -1.0]
51.9152 	EXP 	unnamed Line: end = [2.933974596215561, -1.5]
51.9152 	EXP 	unnamed Line: start = [-3.0, 1.0]
51.9152 	EXP 	unnamed Line: end = [3.0, 1.0]
51.9152 	EXP 	unnamed Line: start = [-3.0, 1.0]
51.9152 	EXP 	unnamed Line: end = [-3.866025403784439, 1.5]
51.9152 	EXP 	unnamed Line: start = [-3.0, 1.0]
51.9152 	EXP 	unnamed Line: end = [-3.866025403784439, 0.5]
51.9152 	EXP 	unnamed Line: start = [3.0, 1.0]
51.9152 	EXP 	unnamed Line: end = [3.866025403784439, 1.5]
51.9152 	EXP 	unnamed Line: start = [3.0, 1.0]
51.9152 	EXP 	unnamed Line: end = [3.866025403784439, 0.5]
52.8212 	DATA 	Keypress: down
53.3343 	EXP 	unnamed Line: start = [-2.8, 1.0]
53.3343 	EXP 	unnamed Line: end = [2.8, 1.0]
53.3343 	EXP 	unnamed Line: start = [-2.8, 1.0]
53.3343 	EXP 	unnamed Line: end = [-1.933974596215561, 1.5]
53.3343 	EXP 	unnamed Line: start = [-2.8, 1.0]
53.3343 	EXP 	unnamed Line: end = [-1.933974596215561, 0.5]
53.3343 	EXP 	unnamed Line: start = [2.8, 1.0]
53.3343 	EXP 	unnamed Line: end = [1.933974596215561, 1.5]
53.3343 	EXP 	unnamed Line: start = [2.8, 1.0]
53.3343 	EXP 	unnamed Line: end = [1.933974596215561, 0.5]
53.3343 	EXP 	unnamed Line: start = [-3.0, -1.0]
53.3343 	EXP 	unnamed Line: end = [3.0, -1.0]
53.3343 	EXP 	unnamed Line: start = [-3.0, -1.0]
53.3343 	EXP 	unnamed Line: end = [-3.866025403784439, -0.5]
53.3343 	EXP 	unnamed Line: start = [-3.0, -1.0]
53.3343 	EXP 	unnamed Line: end = [-3.866025403784439, -1.5]
53.3343 	EXP 	unnamed Line: start = [3.0, -1.0]
53.3343 	EXP 	unnamed Line: end = [3.866025403784439, -0.5]
53.3343 	EXP 	unnamed Line: start = [3.0, -1.0]
53.3343 	EXP 	unnamed Line: end = [3.866025403784439, -1.5]
53.9851 	DATA 	Keypress: down
54.5063 	EXP 	unnamed Line: start = [-3.8, -1.0]
54.5063 	EXP 	unnamed Line: end = [3.8, -1.0]
54.5063 	EXP 	unnamed Line: start = [-3.8, -1.0]
54.5063 	EXP 	unnamed Line: end = [-2.933974596215561, -0.5]
54.5063 	EXP 	unnamed Line: start = [-3.8, -1.0]
54.5063 	EXP 	unnamed Line: end = [-2.933974596215561, -1.5]
54.5063 	EXP 	unnamed Line: start = [3.8, -1.0]
54.5063 	EXP 	unnamed Line: end = [2.933974596215561, -0.5]
54.5063 	EXP 	unnamed Line: start = [3.8, -1.0]
54.5063 	EXP 	unnamed Line: end = [2.933974596215561, -1.5]
54.5063 	EXP 	unnamed Line: start = [-3.0, 1.0]
54.5063 	EXP 	unnamed Line: end = [3.0, 1.0]
54.5063 	EXP 	unnamed Line: start = [-3.0, 1.0]
54.5063 	EXP 	unnamed Line: end = [-3.866025403784439, 1.5]
54.5063 	EXP 	unnamed Line: start = [-3.0, 1.0]
54.5063 	EXP 	unnamed Line: end = [-3.866025403784439, 0.5]
54.5063 	EXP 	unnamed Line: start = [3.0, 1.0]
54.5063 	EXP 	unnamed Line: end = [3.866025403784439, 1.5]
54.5063 	EXP 	unnamed Line: start = [3.0, 1.0]
54.5063 	EXP 	unnamed Line: end = [3.866025403784439, 0.5]
55.6183 	DATA 	Keypress: down
56.1325 	EXP 	unnamed Line: start = [-3.2, -1.0]
56.1325 	EXP 	unnamed Line: end = [3.2, -1.0]
56.1325 	EXP 	unnamed Line: start = [-3.2, -1.0]
56.1325 	EXP 	unnamed Line: end = [-2.3339745962155614, -0.5]
56.1325 	EXP 	unnamed Line: start = [-3.2, -1.0]
56.1325 	EXP 	unnamed Line: end = [-2.3339745962155614, -1.5]
56.1325 	EXP 	unnamed Line: start = [3.2, -1.0]
56.1325 	EXP 	unnamed Line: end = [2.3339745962155614, -0.5]
56.1325 	EXP 	unnamed Line: start = [3.2, -1.0]
56.1325 	EXP 	unnamed Line: end = [2.3339745962155614, -1.5]
56.1325 	EXP 	unnamed Line: start = [-3.0, 1.0]
56.1325 	EXP 	unnamed Line: end = [3.0, 1.0]
56.1325 	EXP 	unnamed Line: start = [-3.0, 1.0]
56.1325 	EXP 	unnamed Line: end = [-3.866025403784439, 1.5]
56.1325 	EXP 	unnamed Line: start = [-3.0, 1.0]
56.1325 	EXP 	unnamed Line: end = [-3.866025403784439, 0.5]
56.1325 	EXP 	unnamed Line: start = [3.0, 1.0]
56.1325 	EXP 	unnamed Line: end = [3.866025403784439, 1.5]
56.1325 	EXP 	unnamed Line: start = [3.0, 1.0]
56.1325 	EXP 	unnamed Line: end = [3.866025403784439, 0.5]
57.3098 	DATA 	Keypress: up
57.8237 	EXP 	unnamed Line: start = [-3.6, 1.0]
57.8237 	EXP 	unnamed Line: end = [3.6, 1.0]
57.8237 	EXP 	unnamed Line: start = [-3.6, 1.0]
57.8237 	EXP 	unnamed Line: end = [-2.7339745962155613, 1.5]
57.8237 	EXP 	unnamed Line: start = [-3.6, 1.0]
57.8237 	EXP 	unnamed Line: end = [-2.7339745962155613, 0.5]
57.8237 	EXP 	unnamed Line: start = [3.6, 1.0]
57.8237 	EXP 	unnamed Line: end = [2.7339745962155613, 1.5]
57.8237 	EXP 	unnamed Line: start = [3.6, 1.0]
57.8237 	EXP 	unnamed Line: end = [2.7339745962155613, 0.5]
57.8237 	EXP 	unnamed Line: start = [-3.0, -1.0]
57.8237 	EXP 	unnamed Line: end = [3.0, -1.0]
57.8237 	EXP 	unnamed Line: start = [-3.0, -1.0]
57.8237 	EXP 	unnamed Line: end = [-3.866025403784439, -0.5]
57.8237 	EXP 	unnamed Line: start = [-3.0, -1.0]
57.8237 	EXP 	unnamed Line: end = [-3.866025403784439, -1.5]
57.8237 	EXP 	unnamed Line: start = [3.0, -1.0]
57.8237 	EXP 	unnamed Line: end = [3.866025403784439, -0.5]
57.8237 	EXP 	unnamed Line: start = [3.0, -1.0]
57.8237 	EXP 	unnamed Line: end = [3.866025403784439, -1.5]
58.2494 	DATA 	Keypress: down
58.7611 	EXP 	unnamed Line: start = [-2.6, -1.0]
58.7611 	EXP 	unnamed Line: end = [2.6, -1.0]
58.7611 	EXP 	unnamed Line: start = [-2.6, -1.0]
58.7611 	EXP 	unnamed Line: end = [-1.7339745962155613, -0.5]
58.7611 	EXP 	unnamed Line: start = [-2.6, -1.0]
58.7611 	EXP 	unnamed Line: end = [-1.7339745962155613, -1.5]
58.7611 	EXP 	unnamed Line: start = [2.6, -1.0]
58.7611 	EXP 	unnamed Line: end = [1.7339745962155613, -0.5]
58.7611 	EXP 	unnamed Line: start = [2.6, -1.0]
58.7611 	EXP 	unnamed Line: end = [1.7339745962155613, -1.5]
58.7611 	EXP 	unnamed Line: start = [-3.0, 1.0]
58.7611 	EXP 	unnamed Line: end = [3.0, 1.0]
58.7611 	EXP 	unnamed Line: start = [-3.0, 1.0]
58.7611 	EXP 	unnamed Line: end = [-3.866025403784439, 1.5]
58.7611 	EXP 	unnamed Line: start = [-3.0, 1.0]
58.7611 	EXP 	unnamed Line: end = [-3.866025403784439, 0.5]
58.7611 	EXP 	unnamed Line: start = [3.0, 1.0]
58.7611 	EXP 	unnamed Line: end = [3.866025403784439, 1.5]
58.7611 	EXP 	unnamed Line: start = [3.0, 1.0]
58.7611 	EXP 	unnamed Line: end = [3.866025403784439, 0.5]
59.1297 	DATA 	Keypress: up
59.6437 	EXP 	unnamed Line: start = [-3.6, -1.0]
59.6437 	EXP 	unnamed Line: end = [3.6, -1.0]
59.6437 	EXP 	unnamed Line: start = [-3.6, -1.0]
59.6437 	EXP 	unnamed Line: end = [-2.7339745962155613, -0.5]
59.6437 	EXP 	unnamed Line: start = [-3.6, -1.0]
59.6437 	EXP 	unnamed Line: end = [-2.7339745962155613, -1.5]
59.6437 	EXP 	unnamed Line: start = [3.6, -1.0]
59.6437 	EXP 	unnamed Line: end = [2.7339745962155613, -0.5]
59.6437 	EXP 	unnamed Line: start = [3.6, -1.0]
59.6437 	EXP 	unnamed Line: end = [2.7339745962155613, -1.5]
59.6437 	EXP 	unnamed Line: start = [-3.0, 1.0]
59.6437 	EXP 	unnamed Line: end = [3.0, 1.0]
59.6437 	EXP 	unnamed Line: start = [-3.0, 1.0]
59.6437 	EXP 	unnamed Line: end = [-3.866025403784439, 1.5]
59.6437 	EXP 	unnamed Line: start = [-3.0, 1.0]
59.6437 	EXP 	unnamed Line: end = [-3.866025403784439, 0.5]
59.6437 	EXP 	unnamed Line: start = [3.0, 1.0]
59.6437 	EXP 	unnamed Line: end = [3.866025403784439, 1.5]
59.6437 	EXP 	unnamed Line: start = [3.0, 1.0]
59.6437 	EXP 	unnamed Line: end = [3.866025403784439, 0.5]
60.1422 	DATA 	Keypress: up
60.6550 	EXP 	unnamed Line: start = [-3.0, 1.0]
60.6550 	EXP 	unnamed Line: end = [3.0, 1.0]
60.6550 	EXP 	unnamed Line: start = [-3.0, 1.0]
60.6550 	EXP 	unnamed Line: end = [-2.133974596215561, 1.5]
60.6550 	EXP 	unnamed Line: start = [-3.0, 1.0]
60.6550 	EXP 	unnamed Line: end = [-2.133974596215561, 0.5]
60.6550 	EXP 	unnamed Line: start = [3.0, 1.0]
60.6550 	EXP 	unnamed Line: end = [2.133974596215561, 1.5]
60.6550 	EXP 	unnamed Line: start = [3.0, 1.0]
60.6550 	EXP 	unnamed Line: end = [2.133974596215561, 0.5]
60.6550 	EXP 	unnamed Line: start = [-3.0, -1.0]
60.6550 	EXP 	unnamed Line: end = [3.0, -1.0]
60.6550 	EXP 	unnamed Line: start = [-3.0, -1.0]
60.6550 	EXP 	unnamed Line: end = [-3.866025403784439, -0.5]
60.6550 	EXP 	unnamed Line: start = [-3.0, -1.0]
60.6550 	EXP 	unnamed Line: end = [-3.866025403784439, -1.5]
60.6550 	EXP 	unnamed Line: start = [3.0, -1.0]
60.6550 	EXP 	unnamed Line: end = [3.866025403784439, -0.5]
60.6550 	EXP 	unnamed Line: start = [3.0, -1.0]
60.6550 	EXP 	unnamed Line: end = [3.866025403784439, -1.5]
61.0954 	DATA 	Keypress: down
61.6135 	EXP 	unnamed Line: start = [-2.0, 1.0]
61.6135 	EXP 	unnamed Line: end = [2.0, 1.0]
61.6135 	EXP 	unnamed Line: start = [-2.0, 1.0]
61.6135 	EXP 	unnamed Line: end = [-1.1339745962155612, 1.5]
61.6135 	EXP 	unnamed Line: start = [-2.0, 1.0]
61.6135 	EXP 	unnamed Line: end = [-1.1339745962155612, 0.5]
61.6135 	EXP 	unnamed Line: start = [2.0, 1.0]
61.6135 	EXP 	unnamed Line: end = [1.1339745962155612, 1.5]
61.6135 	EXP 	unnamed Line: start = [2.0, 1.0]
61.6135 	EXP 	unnamed Line: end = [1.1339745962155612, 0.5]
61.6135 	EXP 	unnamed Line: start = [-3.0, -1.0]
61.6135 	EXP 	unnamed Line: end = [3.0, -1.0]
61.6135 	EXP 	unnamed Line: start = [-3.0, -1.0]
61.6135 	EXP 	unnamed Line: end = [-3.866025403784439, -0.5]
61.6135 	EXP 	unnamed Line: start = [-3.0, -1.0]
61.6135 	EXP 	unnamed Line: end = [-3.866025403784439, -1.5]
61.6135 	EXP 	unnamed Line: start = [3.0, -1.0]
61.6135 	EXP 	unnamed Line: end = [3.866025403784439, -0.5]
61.6135 	EXP 	unnamed Line: start = [3.0, -1.0]
61.6135 	EXP 	unnamed Line: end = [3.866025403784439, -1.5]
61.9958 	DATA 	Keypress: down
62.5085 	EXP 	unnamed Line: start = [-2.4, 1.0]
62.5085 	EXP 	unnamed Line: end = [2.4, 1.0]
62.5085 	EXP 	unnamed Line: start = [-2.4, 1.0]
62.5085 	EXP 	unnamed Line: end = [-1.533974596215561, 1.5]
62.5085 	EXP 	unnamed Line: start = [-2.4, 1.0]
62.5085 	EXP 	unnamed Line: end = [-1.533974596215561, 0.5]
62.5085 	EXP 	unnamed Line: start = [2.4, 1.0]
62.5085 	EXP 	unnamed Line: end = [1.533974596215561, 1.5]
62.5085 	EXP 	unnamed Line: start = [2.4, 1.0]
62.5085 	EXP 	unnamed Line: end = [1.533974596215561, 0.5]
62.5085 	EXP 	unnamed Line: start = [-3.0, -1.0]
62.5085 	EXP 	unnamed Line: end = [3.0, -1.0]
62.5085 	EXP 	unnamed Line: start = [-3.0, -1.0]
62.5085 	EXP 	unnamed Line: end = [-3.866025403784439, -0.5]
62.5085 	EXP 	unnamed Line: start = [-3.0, -1.0]
62.5085 	EXP 	unnamed Line: end = [-3.866025403784439, -1.5]
62.5085 	EXP 	unnamed Line: start = [3.0, -1.0]
62.5085 	EXP 	unnamed Line: end = [3.866025403784439, -0.5]
62.5085 	EXP 	unnamed Line: start = [3.0, -1.0]
62.5085 	EXP 	unnamed Line: end = [3.866025403784439, -1.5]
62.9654 	DATA 	Keypress: down
63.4794 	EXP 	unnamed Line: start = [-2.4, 1.0]
63.4794 	EXP 	unnamed Line: end = [2.4, 1.0]
63.4794 	EXP 	unnamed Line: start = [-2.4, 1.0]
63.4794 	EXP 	unnamed Line: end = [-1.533974596215561, 1.5]
63.4794 	EXP 	unnamed Line: start = [-2.4, 1.0]
63.4794 	EXP 	unnamed Line: end = [-1.533974596215561, 0.5]
63.4794 	EXP 	unnamed Line: start = [2.4, 1.0]
63.4794 	EXP 	unnamed Line: end = [1.533974596215561, 1.5]
63.4794 	EXP 	unnamed Line: start = [2.4, 1.0]
63.4794 	EXP 	unnamed Line: end = [1.533974596215561, 0.5]
63.4794 	EXP 	unnamed Line: start = [-3.0, -1.0]
63.4794 	EXP 	unnamed Line: end = [3.0, -1.0]
63.4794 	EXP 	unnamed Line: start = [-3.0, -1.0]
63.4794 	EXP 	unnamed Line: end = [-3.866025403784439, -0.5]
63.4794 	EXP 	unnamed Line: start = [-3.0, -1.0]
63.4794 	EXP 	unnamed Line: end = [-3.866025403784439, -1.5]
63.4794 	EXP 	unnamed Line: start = [3.0, -1.0]
63.4794 	EXP 	unnamed Line: end = [3.866025403784439, -0.5]
63.4794 	EXP 	unnamed Line: start = [3.0, -1.0]
63.4794 	EXP 	unnamed Line: end = [3.866025403784439, -1.5]
63.9203 	DATA 	Keypress: down
64.4337 	EXP 	unnamed Line: start = [-2.0, -1.0]
64.4337 	EXP 	unnamed Line: end = [2.0, -1.0]
64.4337 	EXP 	unnamed Line: start = [-2.0, -1.0]
64.4337 	EXP 	unnamed Line: end = [-1.1339745962155612, -0.5]
64.4337 	EXP 	unnamed Line: start = [-2.0, -1.0]
64.4337 	EXP 	unnamed Line: end = [-1.1339745962155612, -1.5]
64.4337 	EXP 	unnamed Line: start = [2.0, -1.0]
64.4337 	EXP 	unnamed Line: end = [1.1339745962155612, -0.5]
64.4337 	EXP 	unnamed Line: start = [2.0, -1.0]
64.4337 	EXP 	unnamed Line: end = [1.1339745962155612, -1.5]
64.4337 	EXP 	unnamed Line: start = [-3.0, 1.0]
64.4337 	EXP 	unnamed Line: end = [3.0, 1.0]
64.4337 	EXP 	unnamed Line: start = [-3.0, 1.0]
64.4337 	EXP 	unnamed Line: end = [-3.866025403784439, 1.5]
64.4337 	EXP 	unnamed Line: start = [-3.0, 1.0]
64.4337 	EXP 	unnamed Line: end = [-3.866025403784439, 0.5]
64.4337 	EXP 	unnamed Line: start = [3.0, 1.0]
64.4337 	EXP 	unnamed Line: end = [3.866025403784439, 1.5]
64.4337 	EXP 	unnamed Line: start = [3.0, 1.0]
64.4337 	EXP 	unnamed Line: end = [3.866025403784439, 0.5]
64.9522 	DATA 	Keypress: up
65.4723 	EXP 	unnamed Line: start = [-4.0, 1.0]
65.4723 	EXP 	unnamed Line: end = [4.0, 1.0]
65.4723 	EXP 	unnamed Line: start = [-4.0, 1.0]
65.4723 	EXP 	unnamed Line: end = [-3.133974596215561, 1.5]
65.4723 	EXP 	unnamed Line: start = [-4.0, 1.0]
65.4723 	EXP 	unnamed Line: end = [-3.133974596215561, 0.5]
65.4723 	EXP 	unnamed Line: start = [4.0, 1.0]
65.4723 	EXP 	unnamed Line: end = [3.133974596215561, 1.5]
65.4723 	EXP 	unnamed Line: start = [4.0, 1.0]
65.4723 	EXP 	unnamed Line: end = [3.133974596215561, 0.5]
65.4723 	EXP 	unnamed Line: start = [-3.0, -1.0]
65.4723 	EXP 	unnamed Line: end = [3.0, -1.0]
65.4723 	EXP 	unnamed Line: start = [-3.0, -1.0]
65.4723 	EXP 	unnamed Line: end = [-3.866025403784439, -0.5]
65.4723 	EXP 	unnamed Line: start = [-3.0, -1.0]
65.4723 	EXP 	unnamed Line: end = [-3.866025403784439, -1.5]
65.4723 	EXP 	unnamed Line: start = [3.0, -1.0]
65.4723 	EXP 	unnamed Line: end = [3.866025403784439, -0.5]
65.4723 	EXP 	unnamed Line: start = [3.0, -1.0]
65.4723 	EXP 	unnamed Line: end = [3.866025403784439, -1.5]
65.9708 	DATA 	Keypress: up
66.4819 	EXP 	unnamed Line: start = [-2.0, 1.0]
66.4819 	EXP 	unnamed Line: end = [2.0, 1.0]
66.4819 	EXP 	unnamed Line: start = [-2.0, 1.0]
66.4819 	EXP 	unnamed Line: end = [-1.1339745962155612, 1.5]
66.4819 	EXP 	unnamed Line: start = [-2.0, 1.0]
66.4819 	EXP 	unnamed Line: end = [-1.1339745962155612, 0.5]
66.4819 	EXP 	unnamed Line: start = [2.0, 1.0]
66.4819 	EXP 	unnamed Line: end = [1.1339745962155612, 1.5]
66.4819 	EXP 	unnamed Line: start = [2.0, 1.0]
66.4819 	EXP 	unnamed Line: end = [1.1339745962155612, 0.5]
66.4819 	EXP 	unnamed Line: start = [-3.0, -1.0]
66.4819 	EXP 	unnamed Line: end = [3.0, -1.0]
66.4819 	EXP 	unnamed Line: start = [-3.0, -1.0]
66.4819 	EXP 	unnamed Line: end = [-3.866025403784439, -0.5]
66.4819 	EXP 	unnamed Line: start = [-3.0, -1.0]
66.4819 	EXP 	unnamed Line: end = [-3.866025403784439, -1.5]
66.4819 	EXP 	unnamed Line: start = [3.0, -1.0]
66.4819 	EXP 	unnamed Line: end = [3.866025403784439, -0.5]
66.4819 	EXP 	unnamed Line: start = [3.0, -1.0]
66.4819 	EXP 	unnamed Line: end = [3.866025403784439, -1.5]
67.1428 	DATA 	Keypress: down
67.6564 	EXP 	unnamed Line: start = [-3.0, 1.0]
67.6564 	EXP 	unnamed Line: end = [3.0, 1.0]
67.6564 	EXP 	unnamed Line: start = [-3.0, 1.0]
67.6564 	EXP 	unnamed Line: end = [-2.133974596215561, 1.5]
67.6564 	EXP 	unnamed Line: start = [-3.0, 1.0]
67.6564 	EXP 	unnamed Line: end = [-2.133974596215561, 0.5]
67.6564 	EXP 	unnamed Line: start = [3.0, 1.0]
67.6564 	EXP 	unnamed Line: end = [2.133974596215561, 1.5]
67.6564 	EXP 	unnamed Line: start = [3.0, 1.0]
67.6564 	EXP 	unnamed Line: end = [2.133974596215561, 0.5]
67.6564 	EXP 	unnamed Line: start = [-3.0, -1.0]
67.6564 	EXP 	unnamed Line: end = [3.0, -1.0]
67.6564 	EXP 	unnamed Line: start = [-3.0, -1.0]
67.6564 	EXP 	unnamed Line: end = [-3.866025403784439, -0.5]
67.6564 	EXP 	unnamed Line: start = [-3.0, -1.0]
67.6564 	EXP 	unnamed Line: end = [-3.866025403784439, -1.5]
67.6564 	EXP 	unnamed Line: start = [3.0, -1.0]
67.6564 	EXP 	unnamed Line: end = [3.866025403784439, -0.5]
67.6564 	EXP 	unnamed Line: start = [3.0, -1.0]
67.6564 	EXP 	unnamed Line: end = [3.866025403784439, -1.5]
68.1204 	DATA 	Keypress: down
68.7740 	EXP 	window1: mouseVisible = True
