15.4895 	WARNING 	User requested fullscreen with size [800 600], but screen is actually [2560, 1600]. Using actual size
16.3650 	EXP 	Created window1 = Window(allowGUI=True, allowStencil=False, autoLog=True, backendConf=UNKNOWN, backgroundFit=<method-wrapper '__getattribute__' of attributeSetter object at 0x00000231048E8E50>, backgroundImage=<method-wrapper '__getattribute__' of attributeSetter object at 0x00000231048E8DF0>, bitsMode=UNKNOWN, blendMode='avg', bpc=(8, 8, 8), color=array([0, 0, 0]), colorSpace='rgb', depthBits=8, fullscr=<method-wrapper '__getattribute__' of attributeSetter object at 0x00000231048E8C40>, gamma=None, gammaErrorPolicy='raise', infoMsg=UNKNOWN, lms=UNKNOWN, monitor=<psychopy.monitors.calibTools.Monitor object at 0x0000023104A0C1C0>, multiSample=False, name='window1', numSamples=2, pos=(0, 0), screen=0, size=array([2560, 1600]), stencilBits=0, stereo=False, title='PsychoPy', units='deg', useFBO=False, useRetina=False, viewOri=0.0, viewPos=None, viewScale=None, waitBlanking=True, winType='pyglet')
16.3651 	EXP 	window1: backgroundImage = None
16.3651 	EXP 	window1: backgroundFit = 'cover'
16.3657 	EXP 	window1: mouseVisible = <method-wrapper '__getattribute__' of attributeSetter object at 0x00000231048E8F70>
16.3690 	EXP 	Created unnamed Line = Line(__class__=<class 'psychopy.visual.line.Line'>, anchor=('center', 'center'), autoDraw=False, autoLog=True, closeShape=False, color=array([-1., -1., -1.]), colorSpace='rgb', contrast=None, depth=0, draggable=False, fillColor=array([0, 0, 0]), fillColorSpace='rgb', fillRGB=array([0, 0, 0]), interpolate=True, lineColor=array([-1., -1., -1.]), lineColorSpace='rgb', lineRGB=array([-1, -1, -1]), lineWidth=1.5, name='unnamed Line', opacity=0.5, ori=0.0, pos=array([0., 0.]), size=array([1., 1.]), units='deg', vertices=ndarray(...), win=Window(...), windingRule=None)
16.3693 	EXP 	window1: mouseVisible = 0
16.3696 	EXP 	window1: mouseVisible = 0
16.3781 	EXP 	Created unnamed ImageStim = ImageStim(__class__=<class 'psychopy.visual.image.ImageStim'>, anchor=('center', 'center'), autoLog=True, color=array([1., 1., 1.]), colorSpace='rgb', contrast=1.0, depth=0, draggable=False, flipHoriz=False, flipVert=False, image='bulseye.png', interpolate=False, mask=None, maskParams=None, name='unnamed ImageStim', opacity=1.0, ori=0.0, pos=array([0., 0.]), size=array([4.19717667, 4.19717667]), texRes=128, units='deg', win=Window(...))
16.3784 	EXP 	window1: mouseVisible = 0
16.3882 	EXP 	Created unnamed ImageStim = ImageStim(__class__=<class 'psychopy.visual.image.ImageStim'>, anchor=('center', 'center'), autoLog=True, color=array([1., 1., 1.]), colorSpace='rgb', contrast=1.0, depth=0, draggable=False, flipHoriz=False, flipVert=False, image='inst.png', interpolate=False, mask=None, maskParams=None, name='unnamed ImageStim', opacity=1.0, ori=0.0, pos=array([0., 0.]), size=array([12.40653048,  4.04686456]), texRes=128, units='deg', win=Window(...))
16.3914 	EXP 	unnamed Line: lineWidth = 4
19.5120 	DATA 	Keypress: space
19.5189 	EXP 	unnamed Line: start = [-2.6, -1.0]
19.5189 	EXP 	unnamed Line: end = [2.6, -1.0]
19.5189 	EXP 	unnamed Line: start = [-2.6, -1.0]
19.5189 	EXP 	unnamed Line: end = [-1.7339745962155613, -0.5]
19.5189 	EXP 	unnamed Line: start = [-2.6, -1.0]
19.5189 	EXP 	unnamed Line: end = [-1.7339745962155613, -1.5]
19.5189 	EXP 	unnamed Line: start = [2.6, -1.0]
19.5189 	EXP 	unnamed Line: end = [1.7339745962155613, -0.5]
19.5189 	EXP 	unnamed Line: start = [2.6, -1.0]
19.5189 	EXP 	unnamed Line: end = [1.7339745962155613, -1.5]
19.5189 	EXP 	unnamed Line: start = [-3.0, 1.0]
19.5189 	EXP 	unnamed Line: end = [3.0, 1.0]
19.5189 	EXP 	unnamed Line: start = [-3.0, 1.0]
19.5189 	EXP 	unnamed Line: end = [-3.866025403784439, 1.5]
19.5189 	EXP 	unnamed Line: start = [-3.0, 1.0]
19.5189 	EXP 	unnamed Line: end = [-3.866025403784439, 0.5]
19.5189 	EXP 	unnamed Line: start = [3.0, 1.0]
19.5189 	EXP 	unnamed Line: end = [3.866025403784439, 1.5]
19.5189 	EXP 	unnamed Line: start = [3.0, 1.0]
19.5189 	EXP 	unnamed Line: end = [3.866025403784439, 0.5]
20.5256 	DATA 	Keypress: up
21.0388 	EXP 	unnamed Line: start = [-2.0, 1.0]
21.0388 	EXP 	unnamed Line: end = [2.0, 1.0]
21.0388 	EXP 	unnamed Line: start = [-2.0, 1.0]
21.0388 	EXP 	unnamed Line: end = [-1.1339745962155612, 1.5]
21.0388 	EXP 	unnamed Line: start = [-2.0, 1.0]
21.0388 	EXP 	unnamed Line: end = [-1.1339745962155612, 0.5]
21.0388 	EXP 	unnamed Line: start = [2.0, 1.0]
21.0388 	EXP 	unnamed Line: end = [1.1339745962155612, 1.5]
21.0388 	EXP 	unnamed Line: start = [2.0, 1.0]
21.0388 	EXP 	unnamed Line: end = [1.1339745962155612, 0.5]
21.0388 	EXP 	unnamed Line: start = [-3.0, -1.0]
21.0388 	EXP 	unnamed Line: end = [3.0, -1.0]
21.0388 	EXP 	unnamed Line: start = [-3.0, -1.0]
21.0388 	EXP 	unnamed Line: end = [-3.866025403784439, -0.5]
21.0388 	EXP 	unnamed Line: start = [-3.0, -1.0]
21.0388 	EXP 	unnamed Line: end = [-3.866025403784439, -1.5]
21.0388 	EXP 	unnamed Line: start = [3.0, -1.0]
21.0388 	EXP 	unnamed Line: end = [3.866025403784439, -0.5]
21.0388 	EXP 	unnamed Line: start = [3.0, -1.0]
21.0388 	EXP 	unnamed Line: end = [3.866025403784439, -1.5]
21.6293 	DATA 	Keypress: down
22.1399 	EXP 	unnamed Line: start = [-2.4, -1.0]
22.1399 	EXP 	unnamed Line: end = [2.4, -1.0]
22.1399 	EXP 	unnamed Line: start = [-2.4, -1.0]
22.1399 	EXP 	unnamed Line: end = [-1.533974596215561, -0.5]
22.1399 	EXP 	unnamed Line: start = [-2.4, -1.0]
22.1399 	EXP 	unnamed Line: end = [-1.533974596215561, -1.5]
22.1399 	EXP 	unnamed Line: start = [2.4, -1.0]
22.1399 	EXP 	unnamed Line: end = [1.533974596215561, -0.5]
22.1399 	EXP 	unnamed Line: start = [2.4, -1.0]
22.1399 	EXP 	unnamed Line: end = [1.533974596215561, -1.5]
22.1399 	EXP 	unnamed Line: start = [-3.0, 1.0]
22.1399 	EXP 	unnamed Line: end = [3.0, 1.0]
22.1399 	EXP 	unnamed Line: start = [-3.0, 1.0]
22.1399 	EXP 	unnamed Line: end = [-3.866025403784439, 1.5]
22.1399 	EXP 	unnamed Line: start = [-3.0, 1.0]
22.1399 	EXP 	unnamed Line: end = [-3.866025403784439, 0.5]
22.1399 	EXP 	unnamed Line: start = [3.0, 1.0]
22.1399 	EXP 	unnamed Line: end = [3.866025403784439, 1.5]
22.1399 	EXP 	unnamed Line: start = [3.0, 1.0]
22.1399 	EXP 	unnamed Line: end = [3.866025403784439, 0.5]
22.6453 	DATA 	Keypress: up
23.1563 	EXP 	unnamed Line: start = [-4.0, -1.0]
23.1563 	EXP 	unnamed Line: end = [4.0, -1.0]
23.1563 	EXP 	unnamed Line: start = [-4.0, -1.0]
23.1563 	EXP 	unnamed Line: end = [-3.133974596215561, -0.5]
23.1563 	EXP 	unnamed Line: start = [-4.0, -1.0]
23.1563 	EXP 	unnamed Line: end = [-3.133974596215561, -1.5]
23.1563 	EXP 	unnamed Line: start = [4.0, -1.0]
23.1563 	EXP 	unnamed Line: end = [3.133974596215561, -0.5]
23.1563 	EXP 	unnamed Line: start = [4.0, -1.0]
23.1563 	EXP 	unnamed Line: end = [3.133974596215561, -1.5]
23.1563 	EXP 	unnamed Line: start = [-3.0, 1.0]
23.1563 	EXP 	unnamed Line: end = [3.0, 1.0]
23.1563 	EXP 	unnamed Line: start = [-3.0, 1.0]
23.1563 	EXP 	unnamed Line: end = [-3.866025403784439, 1.5]
23.1563 	EXP 	unnamed Line: start = [-3.0, 1.0]
23.1563 	EXP 	unnamed Line: end = [-3.866025403784439, 0.5]
23.1563 	EXP 	unnamed Line: start = [3.0, 1.0]
23.1563 	EXP 	unnamed Line: end = [3.866025403784439, 1.5]
23.1563 	EXP 	unnamed Line: start = [3.0, 1.0]
23.1563 	EXP 	unnamed Line: end = [3.866025403784439, 0.5]
23.6526 	DATA 	Keypress: down
24.1643 	EXP 	unnamed Line: start = [-3.0, 1.0]
24.1643 	EXP 	unnamed Line: end = [3.0, 1.0]
24.1643 	EXP 	unnamed Line: start = [-3.0, 1.0]
24.1643 	EXP 	unnamed Line: end = [-2.133974596215561, 1.5]
24.1643 	EXP 	unnamed Line: start = [-3.0, 1.0]
24.1643 	EXP 	unnamed Line: end = [-2.133974596215561, 0.5]
24.1643 	EXP 	unnamed Line: start = [3.0, 1.0]
24.1643 	EXP 	unnamed Line: end = [2.133974596215561, 1.5]
24.1643 	EXP 	unnamed Line: start = [3.0, 1.0]
24.1643 	EXP 	unnamed Line: end = [2.133974596215561, 0.5]
24.1643 	EXP 	unnamed Line: start = [-3.0, -1.0]
24.1643 	EXP 	unnamed Line: end = [3.0, -1.0]
24.1643 	EXP 	unnamed Line: start = [-3.0, -1.0]
24.1643 	EXP 	unnamed Line: end = [-3.866025403784439, -0.5]
24.1643 	EXP 	unnamed Line: start = [-3.0, -1.0]
24.1643 	EXP 	unnamed Line: end = [-3.866025403784439, -1.5]
24.1643 	EXP 	unnamed Line: start = [3.0, -1.0]
24.1643 	EXP 	unnamed Line: end = [3.866025403784439, -0.5]
24.1643 	EXP 	unnamed Line: start = [3.0, -1.0]
24.1643 	EXP 	unnamed Line: end = [3.866025403784439, -1.5]
24.6866 	DATA 	Keypress: down
25.2000 	EXP 	unnamed Line: start = [-2.4, 1.0]
25.2000 	EXP 	unnamed Line: end = [2.4, 1.0]
25.2000 	EXP 	unnamed Line: start = [-2.4, 1.0]
25.2000 	EXP 	unnamed Line: end = [-1.533974596215561, 1.5]
25.2000 	EXP 	unnamed Line: start = [-2.4, 1.0]
25.2000 	EXP 	unnamed Line: end = [-1.533974596215561, 0.5]
25.2000 	EXP 	unnamed Line: start = [2.4, 1.0]
25.2000 	EXP 	unnamed Line: end = [1.533974596215561, 1.5]
25.2000 	EXP 	unnamed Line: start = [2.4, 1.0]
25.2000 	EXP 	unnamed Line: end = [1.533974596215561, 0.5]
25.2000 	EXP 	unnamed Line: start = [-3.0, -1.0]
25.2000 	EXP 	unnamed Line: end = [3.0, -1.0]
25.2000 	EXP 	unnamed Line: start = [-3.0, -1.0]
25.2000 	EXP 	unnamed Line: end = [-3.866025403784439, -0.5]
25.2000 	EXP 	unnamed Line: start = [-3.0, -1.0]
25.2000 	EXP 	unnamed Line: end = [-3.866025403784439, -1.5]
25.2000 	EXP 	unnamed Line: start = [3.0, -1.0]
25.2000 	EXP 	unnamed Line: end = [3.866025403784439, -0.5]
25.2000 	EXP 	unnamed Line: start = [3.0, -1.0]
25.2000 	EXP 	unnamed Line: end = [3.866025403784439, -1.5]
25.7376 	DATA 	Keypress: down
26.2504 	EXP 	unnamed Line: start = [-3.4000000000000004, -1.0]
26.2504 	EXP 	unnamed Line: end = [3.4000000000000004, -1.0]
26.2504 	EXP 	unnamed Line: start = [-3.4000000000000004, -1.0]
26.2504 	EXP 	unnamed Line: end = [-2.5339745962155615, -0.5]
26.2504 	EXP 	unnamed Line: start = [-3.4000000000000004, -1.0]
26.2504 	EXP 	unnamed Line: end = [-2.5339745962155615, -1.5]
26.2504 	EXP 	unnamed Line: start = [3.4000000000000004, -1.0]
26.2504 	EXP 	unnamed Line: end = [2.5339745962155615, -0.5]
26.2504 	EXP 	unnamed Line: start = [3.4000000000000004, -1.0]
26.2504 	EXP 	unnamed Line: end = [2.5339745962155615, -1.5]
26.2504 	EXP 	unnamed Line: start = [-3.0, 1.0]
26.2504 	EXP 	unnamed Line: end = [3.0, 1.0]
26.2504 	EXP 	unnamed Line: start = [-3.0, 1.0]
26.2504 	EXP 	unnamed Line: end = [-3.866025403784439, 1.5]
26.2504 	EXP 	unnamed Line: start = [-3.0, 1.0]
26.2504 	EXP 	unnamed Line: end = [-3.866025403784439, 0.5]
26.2504 	EXP 	unnamed Line: start = [3.0, 1.0]
26.2504 	EXP 	unnamed Line: end = [3.866025403784439, 1.5]
26.2504 	EXP 	unnamed Line: start = [3.0, 1.0]
26.2504 	EXP 	unnamed Line: end = [3.866025403784439, 0.5]
27.0087 	DATA 	Keypress: up
27.5230 	EXP 	unnamed Line: start = [-2.0, 1.0]
27.5230 	EXP 	unnamed Line: end = [2.0, 1.0]
27.5230 	EXP 	unnamed Line: start = [-2.0, 1.0]
27.5230 	EXP 	unnamed Line: end = [-1.1339745962155612, 1.5]
27.5230 	EXP 	unnamed Line: start = [-2.0, 1.0]
27.5230 	EXP 	unnamed Line: end = [-1.1339745962155612, 0.5]
27.5230 	EXP 	unnamed Line: start = [2.0, 1.0]
27.5230 	EXP 	unnamed Line: end = [1.1339745962155612, 1.5]
27.5230 	EXP 	unnamed Line: start = [2.0, 1.0]
27.5230 	EXP 	unnamed Line: end = [1.1339745962155612, 0.5]
27.5230 	EXP 	unnamed Line: start = [-3.0, -1.0]
27.5230 	EXP 	unnamed Line: end = [3.0, -1.0]
27.5230 	EXP 	unnamed Line: start = [-3.0, -1.0]
27.5230 	EXP 	unnamed Line: end = [-3.866025403784439, -0.5]
27.5230 	EXP 	unnamed Line: start = [-3.0, -1.0]
27.5230 	EXP 	unnamed Line: end = [-3.866025403784439, -1.5]
27.5230 	EXP 	unnamed Line: start = [3.0, -1.0]
27.5230 	EXP 	unnamed Line: end = [3.866025403784439, -0.5]
27.5230 	EXP 	unnamed Line: start = [3.0, -1.0]
27.5230 	EXP 	unnamed Line: end = [3.866025403784439, -1.5]
28.0421 	DATA 	Keypress: down
28.5549 	EXP 	unnamed Line: start = [-3.6, 1.0]
28.5549 	EXP 	unnamed Line: end = [3.6, 1.0]
28.5549 	EXP 	unnamed Line: start = [-3.6, 1.0]
28.5549 	EXP 	unnamed Line: end = [-2.7339745962155613, 1.5]
28.5549 	EXP 	unnamed Line: start = [-3.6, 1.0]
28.5549 	EXP 	unnamed Line: end = [-2.7339745962155613, 0.5]
28.5549 	EXP 	unnamed Line: start = [3.6, 1.0]
28.5549 	EXP 	unnamed Line: end = [2.7339745962155613, 1.5]
28.5549 	EXP 	unnamed Line: start = [3.6, 1.0]
28.5549 	EXP 	unnamed Line: end = [2.7339745962155613, 0.5]
28.5549 	EXP 	unnamed Line: start = [-3.0, -1.0]
28.5549 	EXP 	unnamed Line: end = [3.0, -1.0]
28.5549 	EXP 	unnamed Line: start = [-3.0, -1.0]
28.5549 	EXP 	unnamed Line: end = [-3.866025403784439, -0.5]
28.5549 	EXP 	unnamed Line: start = [-3.0, -1.0]
28.5549 	EXP 	unnamed Line: end = [-3.866025403784439, -1.5]
28.5549 	EXP 	unnamed Line: start = [3.0, -1.0]
28.5549 	EXP 	unnamed Line: end = [3.866025403784439, -0.5]
28.5549 	EXP 	unnamed Line: start = [3.0, -1.0]
28.5549 	EXP 	unnamed Line: end = [3.866025403784439, -1.5]
29.4187 	DATA 	Keypress: up
29.9335 	EXP 	unnamed Line: start = [-3.4000000000000004, -1.0]
29.9335 	EXP 	unnamed Line: end = [3.4000000000000004, -1.0]
29.9335 	EXP 	unnamed Line: start = [-3.4000000000000004, -1.0]
29.9335 	EXP 	unnamed Line: end = [-2.5339745962155615, -0.5]
29.9335 	EXP 	unnamed Line: start = [-3.4000000000000004, -1.0]
29.9335 	EXP 	unnamed Line: end = [-2.5339745962155615, -1.5]
29.9335 	EXP 	unnamed Line: start = [3.4000000000000004, -1.0]
29.9335 	EXP 	unnamed Line: end = [2.5339745962155615, -0.5]
29.9335 	EXP 	unnamed Line: start = [3.4000000000000004, -1.0]
29.9335 	EXP 	unnamed Line: end = [2.5339745962155615, -1.5]
29.9335 	EXP 	unnamed Line: start = [-3.0, 1.0]
29.9335 	EXP 	unnamed Line: end = [3.0, 1.0]
29.9335 	EXP 	unnamed Line: start = [-3.0, 1.0]
29.9335 	EXP 	unnamed Line: end = [-3.866025403784439, 1.5]
29.9335 	EXP 	unnamed Line: start = [-3.0, 1.0]
29.9335 	EXP 	unnamed Line: end = [-3.866025403784439, 0.5]
29.9335 	EXP 	unnamed Line: start = [3.0, 1.0]
29.9335 	EXP 	unnamed Line: end = [3.866025403784439, 1.5]
29.9335 	EXP 	unnamed Line: start = [3.0, 1.0]
29.9335 	EXP 	unnamed Line: end = [3.866025403784439, 0.5]
31.0819 	DATA 	Keypress: up
31.5948 	EXP 	unnamed Line: start = [-3.2, -1.0]
31.5948 	EXP 	unnamed Line: end = [3.2, -1.0]
31.5948 	EXP 	unnamed Line: start = [-3.2, -1.0]
31.5948 	EXP 	unnamed Line: end = [-2.3339745962155614, -0.5]
31.5948 	EXP 	unnamed Line: start = [-3.2, -1.0]
31.5948 	EXP 	unnamed Line: end = [-2.3339745962155614, -1.5]
31.5948 	EXP 	unnamed Line: start = [3.2, -1.0]
31.5948 	EXP 	unnamed Line: end = [2.3339745962155614, -0.5]
31.5948 	EXP 	unnamed Line: start = [3.2, -1.0]
31.5948 	EXP 	unnamed Line: end = [2.3339745962155614, -1.5]
31.5948 	EXP 	unnamed Line: start = [-3.0, 1.0]
31.5948 	EXP 	unnamed Line: end = [3.0, 1.0]
31.5948 	EXP 	unnamed Line: start = [-3.0, 1.0]
31.5948 	EXP 	unnamed Line: end = [-3.866025403784439, 1.5]
31.5948 	EXP 	unnamed Line: start = [-3.0, 1.0]
31.5948 	EXP 	unnamed Line: end = [-3.866025403784439, 0.5]
31.5948 	EXP 	unnamed Line: start = [3.0, 1.0]
31.5948 	EXP 	unnamed Line: end = [3.866025403784439, 1.5]
31.5948 	EXP 	unnamed Line: start = [3.0, 1.0]
31.5948 	EXP 	unnamed Line: end = [3.866025403784439, 0.5]
32.2055 	DATA 	Keypress: up
32.7208 	EXP 	unnamed Line: start = [-3.4000000000000004, -1.0]
32.7208 	EXP 	unnamed Line: end = [3.4000000000000004, -1.0]
32.7208 	EXP 	unnamed Line: start = [-3.4000000000000004, -1.0]
32.7208 	EXP 	unnamed Line: end = [-2.5339745962155615, -0.5]
32.7208 	EXP 	unnamed Line: start = [-3.4000000000000004, -1.0]
32.7208 	EXP 	unnamed Line: end = [-2.5339745962155615, -1.5]
32.7208 	EXP 	unnamed Line: start = [3.4000000000000004, -1.0]
32.7208 	EXP 	unnamed Line: end = [2.5339745962155615, -0.5]
32.7208 	EXP 	unnamed Line: start = [3.4000000000000004, -1.0]
32.7208 	EXP 	unnamed Line: end = [2.5339745962155615, -1.5]
32.7208 	EXP 	unnamed Line: start = [-3.0, 1.0]
32.7208 	EXP 	unnamed Line: end = [3.0, 1.0]
32.7208 	EXP 	unnamed Line: start = [-3.0, 1.0]
32.7208 	EXP 	unnamed Line: end = [-3.866025403784439, 1.5]
32.7208 	EXP 	unnamed Line: start = [-3.0, 1.0]
32.7208 	EXP 	unnamed Line: end = [-3.866025403784439, 0.5]
32.7208 	EXP 	unnamed Line: start = [3.0, 1.0]
32.7208 	EXP 	unnamed Line: end = [3.866025403784439, 1.5]
32.7208 	EXP 	unnamed Line: start = [3.0, 1.0]
32.7208 	EXP 	unnamed Line: end = [3.866025403784439, 0.5]
33.3122 	DATA 	Keypress: up
33.8257 	EXP 	unnamed Line: start = [-2.6, -1.0]
33.8257 	EXP 	unnamed Line: end = [2.6, -1.0]
33.8257 	EXP 	unnamed Line: start = [-2.6, -1.0]
33.8257 	EXP 	unnamed Line: end = [-1.7339745962155613, -0.5]
33.8257 	EXP 	unnamed Line: start = [-2.6, -1.0]
33.8257 	EXP 	unnamed Line: end = [-1.7339745962155613, -1.5]
33.8257 	EXP 	unnamed Line: start = [2.6, -1.0]
33.8257 	EXP 	unnamed Line: end = [1.7339745962155613, -0.5]
33.8257 	EXP 	unnamed Line: start = [2.6, -1.0]
33.8257 	EXP 	unnamed Line: end = [1.7339745962155613, -1.5]
33.8257 	EXP 	unnamed Line: start = [-3.0, 1.0]
33.8257 	EXP 	unnamed Line: end = [3.0, 1.0]
33.8257 	EXP 	unnamed Line: start = [-3.0, 1.0]
33.8257 	EXP 	unnamed Line: end = [-3.866025403784439, 1.5]
33.8257 	EXP 	unnamed Line: start = [-3.0, 1.0]
33.8257 	EXP 	unnamed Line: end = [-3.866025403784439, 0.5]
33.8257 	EXP 	unnamed Line: start = [3.0, 1.0]
33.8257 	EXP 	unnamed Line: end = [3.866025403784439, 1.5]
33.8257 	EXP 	unnamed Line: start = [3.0, 1.0]
33.8257 	EXP 	unnamed Line: end = [3.866025403784439, 0.5]
34.4178 	DATA 	Keypress: up
34.9327 	EXP 	unnamed Line: start = [-2.2, -1.0]
34.9327 	EXP 	unnamed Line: end = [2.2, -1.0]
34.9327 	EXP 	unnamed Line: start = [-2.2, -1.0]
34.9327 	EXP 	unnamed Line: end = [-1.3339745962155614, -0.5]
34.9327 	EXP 	unnamed Line: start = [-2.2, -1.0]
34.9327 	EXP 	unnamed Line: end = [-1.3339745962155614, -1.5]
34.9327 	EXP 	unnamed Line: start = [2.2, -1.0]
34.9327 	EXP 	unnamed Line: end = [1.3339745962155614, -0.5]
34.9327 	EXP 	unnamed Line: start = [2.2, -1.0]
34.9327 	EXP 	unnamed Line: end = [1.3339745962155614, -1.5]
34.9327 	EXP 	unnamed Line: start = [-3.0, 1.0]
34.9327 	EXP 	unnamed Line: end = [3.0, 1.0]
34.9327 	EXP 	unnamed Line: start = [-3.0, 1.0]
34.9327 	EXP 	unnamed Line: end = [-3.866025403784439, 1.5]
34.9327 	EXP 	unnamed Line: start = [-3.0, 1.0]
34.9327 	EXP 	unnamed Line: end = [-3.866025403784439, 0.5]
34.9327 	EXP 	unnamed Line: start = [3.0, 1.0]
34.9327 	EXP 	unnamed Line: end = [3.866025403784439, 1.5]
34.9327 	EXP 	unnamed Line: start = [3.0, 1.0]
34.9327 	EXP 	unnamed Line: end = [3.866025403784439, 0.5]
35.4325 	DATA 	Keypress: up
35.9437 	EXP 	unnamed Line: start = [-3.8, -1.0]
35.9437 	EXP 	unnamed Line: end = [3.8, -1.0]
35.9437 	EXP 	unnamed Line: start = [-3.8, -1.0]
35.9437 	EXP 	unnamed Line: end = [-2.933974596215561, -0.5]
35.9437 	EXP 	unnamed Line: start = [-3.8, -1.0]
35.9437 	EXP 	unnamed Line: end = [-2.933974596215561, -1.5]
35.9437 	EXP 	unnamed Line: start = [3.8, -1.0]
35.9437 	EXP 	unnamed Line: end = [2.933974596215561, -0.5]
35.9437 	EXP 	unnamed Line: start = [3.8, -1.0]
35.9437 	EXP 	unnamed Line: end = [2.933974596215561, -1.5]
35.9437 	EXP 	unnamed Line: start = [-3.0, 1.0]
35.9437 	EXP 	unnamed Line: end = [3.0, 1.0]
35.9437 	EXP 	unnamed Line: start = [-3.0, 1.0]
35.9437 	EXP 	unnamed Line: end = [-3.866025403784439, 1.5]
35.9437 	EXP 	unnamed Line: start = [-3.0, 1.0]
35.9437 	EXP 	unnamed Line: end = [-3.866025403784439, 0.5]
35.9437 	EXP 	unnamed Line: start = [3.0, 1.0]
35.9437 	EXP 	unnamed Line: end = [3.866025403784439, 1.5]
35.9437 	EXP 	unnamed Line: start = [3.0, 1.0]
35.9437 	EXP 	unnamed Line: end = [3.866025403784439, 0.5]
36.8003 	DATA 	Keypress: down
37.3142 	EXP 	unnamed Line: start = [-3.2, 1.0]
37.3142 	EXP 	unnamed Line: end = [3.2, 1.0]
37.3142 	EXP 	unnamed Line: start = [-3.2, 1.0]
37.3142 	EXP 	unnamed Line: end = [-2.3339745962155614, 1.5]
37.3142 	EXP 	unnamed Line: start = [-3.2, 1.0]
37.3142 	EXP 	unnamed Line: end = [-2.3339745962155614, 0.5]
37.3142 	EXP 	unnamed Line: start = [3.2, 1.0]
37.3142 	EXP 	unnamed Line: end = [2.3339745962155614, 1.5]
37.3142 	EXP 	unnamed Line: start = [3.2, 1.0]
37.3142 	EXP 	unnamed Line: end = [2.3339745962155614, 0.5]
37.3142 	EXP 	unnamed Line: start = [-3.0, -1.0]
37.3142 	EXP 	unnamed Line: end = [3.0, -1.0]
37.3142 	EXP 	unnamed Line: start = [-3.0, -1.0]
37.3142 	EXP 	unnamed Line: end = [-3.866025403784439, -0.5]
37.3142 	EXP 	unnamed Line: start = [-3.0, -1.0]
37.3142 	EXP 	unnamed Line: end = [-3.866025403784439, -1.5]
37.3142 	EXP 	unnamed Line: start = [3.0, -1.0]
37.3142 	EXP 	unnamed Line: end = [3.866025403784439, -0.5]
37.3142 	EXP 	unnamed Line: start = [3.0, -1.0]
37.3142 	EXP 	unnamed Line: end = [3.866025403784439, -1.5]
38.1076 	DATA 	Keypress: down
38.6217 	EXP 	unnamed Line: start = [-2.4, -1.0]
38.6217 	EXP 	unnamed Line: end = [2.4, -1.0]
38.6217 	EXP 	unnamed Line: start = [-2.4, -1.0]
38.6217 	EXP 	unnamed Line: end = [-1.533974596215561, -0.5]
38.6217 	EXP 	unnamed Line: start = [-2.4, -1.0]
38.6217 	EXP 	unnamed Line: end = [-1.533974596215561, -1.5]
38.6217 	EXP 	unnamed Line: start = [2.4, -1.0]
38.6217 	EXP 	unnamed Line: end = [1.533974596215561, -0.5]
38.6217 	EXP 	unnamed Line: start = [2.4, -1.0]
38.6217 	EXP 	unnamed Line: end = [1.533974596215561, -1.5]
38.6217 	EXP 	unnamed Line: start = [-3.0, 1.0]
38.6217 	EXP 	unnamed Line: end = [3.0, 1.0]
38.6217 	EXP 	unnamed Line: start = [-3.0, 1.0]
38.6217 	EXP 	unnamed Line: end = [-3.866025403784439, 1.5]
38.6217 	EXP 	unnamed Line: start = [-3.0, 1.0]
38.6217 	EXP 	unnamed Line: end = [-3.866025403784439, 0.5]
38.6217 	EXP 	unnamed Line: start = [3.0, 1.0]
38.6217 	EXP 	unnamed Line: end = [3.866025403784439, 1.5]
38.6217 	EXP 	unnamed Line: start = [3.0, 1.0]
38.6217 	EXP 	unnamed Line: end = [3.866025403784439, 0.5]
39.1644 	DATA 	Keypress: up
39.6770 	EXP 	unnamed Line: start = [-4.0, 1.0]
39.6770 	EXP 	unnamed Line: end = [4.0, 1.0]
39.6770 	EXP 	unnamed Line: start = [-4.0, 1.0]
39.6770 	EXP 	unnamed Line: end = [-3.133974596215561, 1.5]
39.6770 	EXP 	unnamed Line: start = [-4.0, 1.0]
39.6770 	EXP 	unnamed Line: end = [-3.133974596215561, 0.5]
39.6770 	EXP 	unnamed Line: start = [4.0, 1.0]
39.6770 	EXP 	unnamed Line: end = [3.133974596215561, 1.5]
39.6770 	EXP 	unnamed Line: start = [4.0, 1.0]
39.6770 	EXP 	unnamed Line: end = [3.133974596215561, 0.5]
39.6770 	EXP 	unnamed Line: start = [-3.0, -1.0]
39.6770 	EXP 	unnamed Line: end = [3.0, -1.0]
39.6770 	EXP 	unnamed Line: start = [-3.0, -1.0]
39.6770 	EXP 	unnamed Line: end = [-3.866025403784439, -0.5]
39.6770 	EXP 	unnamed Line: start = [-3.0, -1.0]
39.6770 	EXP 	unnamed Line: end = [-3.866025403784439, -1.5]
39.6770 	EXP 	unnamed Line: start = [3.0, -1.0]
39.6770 	EXP 	unnamed Line: end = [3.866025403784439, -0.5]
39.6770 	EXP 	unnamed Line: start = [3.0, -1.0]
39.6770 	EXP 	unnamed Line: end = [3.866025403784439, -1.5]
40.4677 	DATA 	Keypress: up
40.9817 	EXP 	unnamed Line: start = [-3.6, 1.0]
40.9817 	EXP 	unnamed Line: end = [3.6, 1.0]
40.9817 	EXP 	unnamed Line: start = [-3.6, 1.0]
40.9817 	EXP 	unnamed Line: end = [-2.7339745962155613, 1.5]
40.9817 	EXP 	unnamed Line: start = [-3.6, 1.0]
40.9817 	EXP 	unnamed Line: end = [-2.7339745962155613, 0.5]
40.9817 	EXP 	unnamed Line: start = [3.6, 1.0]
40.9817 	EXP 	unnamed Line: end = [2.7339745962155613, 1.5]
40.9817 	EXP 	unnamed Line: start = [3.6, 1.0]
40.9817 	EXP 	unnamed Line: end = [2.7339745962155613, 0.5]
40.9817 	EXP 	unnamed Line: start = [-3.0, -1.0]
40.9817 	EXP 	unnamed Line: end = [3.0, -1.0]
40.9817 	EXP 	unnamed Line: start = [-3.0, -1.0]
40.9817 	EXP 	unnamed Line: end = [-3.866025403784439, -0.5]
40.9817 	EXP 	unnamed Line: start = [-3.0, -1.0]
40.9817 	EXP 	unnamed Line: end = [-3.866025403784439, -1.5]
40.9817 	EXP 	unnamed Line: start = [3.0, -1.0]
40.9817 	EXP 	unnamed Line: end = [3.866025403784439, -0.5]
40.9817 	EXP 	unnamed Line: start = [3.0, -1.0]
40.9817 	EXP 	unnamed Line: end = [3.866025403784439, -1.5]
41.9090 	DATA 	Keypress: down
42.4228 	EXP 	unnamed Line: start = [-3.6, 1.0]
42.4228 	EXP 	unnamed Line: end = [3.6, 1.0]
42.4228 	EXP 	unnamed Line: start = [-3.6, 1.0]
42.4228 	EXP 	unnamed Line: end = [-2.7339745962155613, 1.5]
42.4228 	EXP 	unnamed Line: start = [-3.6, 1.0]
42.4228 	EXP 	unnamed Line: end = [-2.7339745962155613, 0.5]
42.4228 	EXP 	unnamed Line: start = [3.6, 1.0]
42.4228 	EXP 	unnamed Line: end = [2.7339745962155613, 1.5]
42.4228 	EXP 	unnamed Line: start = [3.6, 1.0]
42.4228 	EXP 	unnamed Line: end = [2.7339745962155613, 0.5]
42.4228 	EXP 	unnamed Line: start = [-3.0, -1.0]
42.4228 	EXP 	unnamed Line: end = [3.0, -1.0]
42.4228 	EXP 	unnamed Line: start = [-3.0, -1.0]
42.4228 	EXP 	unnamed Line: end = [-3.866025403784439, -0.5]
42.4228 	EXP 	unnamed Line: start = [-3.0, -1.0]
42.4228 	EXP 	unnamed Line: end = [-3.866025403784439, -1.5]
42.4228 	EXP 	unnamed Line: start = [3.0, -1.0]
42.4228 	EXP 	unnamed Line: end = [3.866025403784439, -0.5]
42.4228 	EXP 	unnamed Line: start = [3.0, -1.0]
42.4228 	EXP 	unnamed Line: end = [3.866025403784439, -1.5]
43.3136 	DATA 	Keypress: down
43.8276 	EXP 	unnamed Line: start = [-3.4000000000000004, -1.0]
43.8276 	EXP 	unnamed Line: end = [3.4000000000000004, -1.0]
43.8276 	EXP 	unnamed Line: start = [-3.4000000000000004, -1.0]
43.8276 	EXP 	unnamed Line: end = [-2.5339745962155615, -0.5]
43.8276 	EXP 	unnamed Line: start = [-3.4000000000000004, -1.0]
43.8276 	EXP 	unnamed Line: end = [-2.5339745962155615, -1.5]
43.8276 	EXP 	unnamed Line: start = [3.4000000000000004, -1.0]
43.8276 	EXP 	unnamed Line: end = [2.5339745962155615, -0.5]
43.8276 	EXP 	unnamed Line: start = [3.4000000000000004, -1.0]
43.8276 	EXP 	unnamed Line: end = [2.5339745962155615, -1.5]
43.8276 	EXP 	unnamed Line: start = [-3.0, 1.0]
43.8276 	EXP 	unnamed Line: end = [3.0, 1.0]
43.8276 	EXP 	unnamed Line: start = [-3.0, 1.0]
43.8276 	EXP 	unnamed Line: end = [-3.866025403784439, 1.5]
43.8276 	EXP 	unnamed Line: start = [-3.0, 1.0]
43.8276 	EXP 	unnamed Line: end = [-3.866025403784439, 0.5]
43.8276 	EXP 	unnamed Line: start = [3.0, 1.0]
43.8276 	EXP 	unnamed Line: end = [3.866025403784439, 1.5]
43.8276 	EXP 	unnamed Line: start = [3.0, 1.0]
43.8276 	EXP 	unnamed Line: end = [3.866025403784439, 0.5]
44.8329 	DATA 	Keypress: down
45.3472 	EXP 	unnamed Line: start = [-2.8, -1.0]
45.3472 	EXP 	unnamed Line: end = [2.8, -1.0]
45.3472 	EXP 	unnamed Line: start = [-2.8, -1.0]
45.3472 	EXP 	unnamed Line: end = [-1.933974596215561, -0.5]
45.3472 	EXP 	unnamed Line: start = [-2.8, -1.0]
45.3472 	EXP 	unnamed Line: end = [-1.933974596215561, -1.5]
45.3472 	EXP 	unnamed Line: start = [2.8, -1.0]
45.3472 	EXP 	unnamed Line: end = [1.933974596215561, -0.5]
45.3472 	EXP 	unnamed Line: start = [2.8, -1.0]
45.3472 	EXP 	unnamed Line: end = [1.933974596215561, -1.5]
45.3472 	EXP 	unnamed Line: start = [-3.0, 1.0]
45.3472 	EXP 	unnamed Line: end = [3.0, 1.0]
45.3472 	EXP 	unnamed Line: start = [-3.0, 1.0]
45.3472 	EXP 	unnamed Line: end = [-3.866025403784439, 1.5]
45.3472 	EXP 	unnamed Line: start = [-3.0, 1.0]
45.3472 	EXP 	unnamed Line: end = [-3.866025403784439, 0.5]
45.3472 	EXP 	unnamed Line: start = [3.0, 1.0]
45.3472 	EXP 	unnamed Line: end = [3.866025403784439, 1.5]
45.3472 	EXP 	unnamed Line: start = [3.0, 1.0]
45.3472 	EXP 	unnamed Line: end = [3.866025403784439, 0.5]
46.0159 	DATA 	Keypress: up
46.5324 	EXP 	unnamed Line: start = [-2.4, 1.0]
46.5324 	EXP 	unnamed Line: end = [2.4, 1.0]
46.5324 	EXP 	unnamed Line: start = [-2.4, 1.0]
46.5324 	EXP 	unnamed Line: end = [-1.533974596215561, 1.5]
46.5324 	EXP 	unnamed Line: start = [-2.4, 1.0]
46.5324 	EXP 	unnamed Line: end = [-1.533974596215561, 0.5]
46.5324 	EXP 	unnamed Line: start = [2.4, 1.0]
46.5324 	EXP 	unnamed Line: end = [1.533974596215561, 1.5]
46.5324 	EXP 	unnamed Line: start = [2.4, 1.0]
46.5324 	EXP 	unnamed Line: end = [1.533974596215561, 0.5]
46.5324 	EXP 	unnamed Line: start = [-3.0, -1.0]
46.5324 	EXP 	unnamed Line: end = [3.0, -1.0]
46.5324 	EXP 	unnamed Line: start = [-3.0, -1.0]
46.5324 	EXP 	unnamed Line: end = [-3.866025403784439, -0.5]
46.5324 	EXP 	unnamed Line: start = [-3.0, -1.0]
46.5324 	EXP 	unnamed Line: end = [-3.866025403784439, -1.5]
46.5324 	EXP 	unnamed Line: start = [3.0, -1.0]
46.5324 	EXP 	unnamed Line: end = [3.866025403784439, -0.5]
46.5324 	EXP 	unnamed Line: start = [3.0, -1.0]
46.5324 	EXP 	unnamed Line: end = [3.866025403784439, -1.5]
47.1083 	DATA 	Keypress: down
47.6220 	EXP 	unnamed Line: start = [-3.2, 1.0]
47.6220 	EXP 	unnamed Line: end = [3.2, 1.0]
47.6220 	EXP 	unnamed Line: start = [-3.2, 1.0]
47.6220 	EXP 	unnamed Line: end = [-2.3339745962155614, 1.5]
47.6220 	EXP 	unnamed Line: start = [-3.2, 1.0]
47.6220 	EXP 	unnamed Line: end = [-2.3339745962155614, 0.5]
47.6220 	EXP 	unnamed Line: start = [3.2, 1.0]
47.6220 	EXP 	unnamed Line: end = [2.3339745962155614, 1.5]
47.6220 	EXP 	unnamed Line: start = [3.2, 1.0]
47.6220 	EXP 	unnamed Line: end = [2.3339745962155614, 0.5]
47.6220 	EXP 	unnamed Line: start = [-3.0, -1.0]
47.6220 	EXP 	unnamed Line: end = [3.0, -1.0]
47.6220 	EXP 	unnamed Line: start = [-3.0, -1.0]
47.6220 	EXP 	unnamed Line: end = [-3.866025403784439, -0.5]
47.6220 	EXP 	unnamed Line: start = [-3.0, -1.0]
47.6220 	EXP 	unnamed Line: end = [-3.866025403784439, -1.5]
47.6220 	EXP 	unnamed Line: start = [3.0, -1.0]
47.6220 	EXP 	unnamed Line: end = [3.866025403784439, -0.5]
47.6220 	EXP 	unnamed Line: start = [3.0, -1.0]
47.6220 	EXP 	unnamed Line: end = [3.866025403784439, -1.5]
48.8582 	DATA 	Keypress: up
49.3719 	EXP 	unnamed Line: start = [-3.8, 1.0]
49.3719 	EXP 	unnamed Line: end = [3.8, 1.0]
49.3719 	EXP 	unnamed Line: start = [-3.8, 1.0]
49.3719 	EXP 	unnamed Line: end = [-2.933974596215561, 1.5]
49.3719 	EXP 	unnamed Line: start = [-3.8, 1.0]
49.3719 	EXP 	unnamed Line: end = [-2.933974596215561, 0.5]
49.3719 	EXP 	unnamed Line: start = [3.8, 1.0]
49.3719 	EXP 	unnamed Line: end = [2.933974596215561, 1.5]
49.3719 	EXP 	unnamed Line: start = [3.8, 1.0]
49.3719 	EXP 	unnamed Line: end = [2.933974596215561, 0.5]
49.3719 	EXP 	unnamed Line: start = [-3.0, -1.0]
49.3719 	EXP 	unnamed Line: end = [3.0, -1.0]
49.3719 	EXP 	unnamed Line: start = [-3.0, -1.0]
49.3719 	EXP 	unnamed Line: end = [-3.866025403784439, -0.5]
49.3719 	EXP 	unnamed Line: start = [-3.0, -1.0]
49.3719 	EXP 	unnamed Line: end = [-3.866025403784439, -1.5]
49.3719 	EXP 	unnamed Line: start = [3.0, -1.0]
49.3719 	EXP 	unnamed Line: end = [3.866025403784439, -0.5]
49.3719 	EXP 	unnamed Line: start = [3.0, -1.0]
49.3719 	EXP 	unnamed Line: end = [3.866025403784439, -1.5]
50.2935 	DATA 	Keypress: up
50.8074 	EXP 	unnamed Line: start = [-2.2, 1.0]
50.8074 	EXP 	unnamed Line: end = [2.2, 1.0]
50.8074 	EXP 	unnamed Line: start = [-2.2, 1.0]
50.8074 	EXP 	unnamed Line: end = [-1.3339745962155614, 1.5]
50.8074 	EXP 	unnamed Line: start = [-2.2, 1.0]
50.8074 	EXP 	unnamed Line: end = [-1.3339745962155614, 0.5]
50.8074 	EXP 	unnamed Line: start = [2.2, 1.0]
50.8074 	EXP 	unnamed Line: end = [1.3339745962155614, 1.5]
50.8074 	EXP 	unnamed Line: start = [2.2, 1.0]
50.8074 	EXP 	unnamed Line: end = [1.3339745962155614, 0.5]
50.8074 	EXP 	unnamed Line: start = [-3.0, -1.0]
50.8074 	EXP 	unnamed Line: end = [3.0, -1.0]
50.8074 	EXP 	unnamed Line: start = [-3.0, -1.0]
50.8074 	EXP 	unnamed Line: end = [-3.866025403784439, -0.5]
50.8074 	EXP 	unnamed Line: start = [-3.0, -1.0]
50.8074 	EXP 	unnamed Line: end = [-3.866025403784439, -1.5]
50.8074 	EXP 	unnamed Line: start = [3.0, -1.0]
50.8074 	EXP 	unnamed Line: end = [3.866025403784439, -0.5]
50.8074 	EXP 	unnamed Line: start = [3.0, -1.0]
50.8074 	EXP 	unnamed Line: end = [3.866025403784439, -1.5]
51.5600 	DATA 	Keypress: down
52.0747 	EXP 	unnamed Line: start = [-2.8, -1.0]
52.0747 	EXP 	unnamed Line: end = [2.8, -1.0]
52.0747 	EXP 	unnamed Line: start = [-2.8, -1.0]
52.0747 	EXP 	unnamed Line: end = [-1.933974596215561, -0.5]
52.0747 	EXP 	unnamed Line: start = [-2.8, -1.0]
52.0747 	EXP 	unnamed Line: end = [-1.933974596215561, -1.5]
52.0747 	EXP 	unnamed Line: start = [2.8, -1.0]
52.0747 	EXP 	unnamed Line: end = [1.933974596215561, -0.5]
52.0747 	EXP 	unnamed Line: start = [2.8, -1.0]
52.0747 	EXP 	unnamed Line: end = [1.933974596215561, -1.5]
52.0747 	EXP 	unnamed Line: start = [-3.0, 1.0]
52.0747 	EXP 	unnamed Line: end = [3.0, 1.0]
52.0747 	EXP 	unnamed Line: start = [-3.0, 1.0]
52.0747 	EXP 	unnamed Line: end = [-3.866025403784439, 1.5]
52.0747 	EXP 	unnamed Line: start = [-3.0, 1.0]
52.0747 	EXP 	unnamed Line: end = [-3.866025403784439, 0.5]
52.0747 	EXP 	unnamed Line: start = [3.0, 1.0]
52.0747 	EXP 	unnamed Line: end = [3.866025403784439, 1.5]
52.0747 	EXP 	unnamed Line: start = [3.0, 1.0]
52.0747 	EXP 	unnamed Line: end = [3.866025403784439, 0.5]
52.7084 	DATA 	Keypress: up
53.2214 	EXP 	unnamed Line: start = [-3.0, -1.0]
53.2214 	EXP 	unnamed Line: end = [3.0, -1.0]
53.2214 	EXP 	unnamed Line: start = [-3.0, -1.0]
53.2214 	EXP 	unnamed Line: end = [-2.133974596215561, -0.5]
53.2214 	EXP 	unnamed Line: start = [-3.0, -1.0]
53.2214 	EXP 	unnamed Line: end = [-2.133974596215561, -1.5]
53.2214 	EXP 	unnamed Line: start = [3.0, -1.0]
53.2214 	EXP 	unnamed Line: end = [2.133974596215561, -0.5]
53.2214 	EXP 	unnamed Line: start = [3.0, -1.0]
53.2214 	EXP 	unnamed Line: end = [2.133974596215561, -1.5]
53.2214 	EXP 	unnamed Line: start = [-3.0, 1.0]
53.2214 	EXP 	unnamed Line: end = [3.0, 1.0]
53.2214 	EXP 	unnamed Line: start = [-3.0, 1.0]
53.2214 	EXP 	unnamed Line: end = [-3.866025403784439, 1.5]
53.2214 	EXP 	unnamed Line: start = [-3.0, 1.0]
53.2214 	EXP 	unnamed Line: end = [-3.866025403784439, 0.5]
53.2214 	EXP 	unnamed Line: start = [3.0, 1.0]
53.2214 	EXP 	unnamed Line: end = [3.866025403784439, 1.5]
53.2214 	EXP 	unnamed Line: start = [3.0, 1.0]
53.2214 	EXP 	unnamed Line: end = [3.866025403784439, 0.5]
54.0546 	DATA 	Keypress: up
54.5689 	EXP 	unnamed Line: start = [-2.2, 1.0]
54.5689 	EXP 	unnamed Line: end = [2.2, 1.0]
54.5689 	EXP 	unnamed Line: start = [-2.2, 1.0]
54.5689 	EXP 	unnamed Line: end = [-1.3339745962155614, 1.5]
54.5689 	EXP 	unnamed Line: start = [-2.2, 1.0]
54.5689 	EXP 	unnamed Line: end = [-1.3339745962155614, 0.5]
54.5689 	EXP 	unnamed Line: start = [2.2, 1.0]
54.5689 	EXP 	unnamed Line: end = [1.3339745962155614, 1.5]
54.5689 	EXP 	unnamed Line: start = [2.2, 1.0]
54.5689 	EXP 	unnamed Line: end = [1.3339745962155614, 0.5]
54.5689 	EXP 	unnamed Line: start = [-3.0, -1.0]
54.5689 	EXP 	unnamed Line: end = [3.0, -1.0]
54.5689 	EXP 	unnamed Line: start = [-3.0, -1.0]
54.5689 	EXP 	unnamed Line: end = [-3.866025403784439, -0.5]
54.5689 	EXP 	unnamed Line: start = [-3.0, -1.0]
54.5689 	EXP 	unnamed Line: end = [-3.866025403784439, -1.5]
54.5689 	EXP 	unnamed Line: start = [3.0, -1.0]
54.5689 	EXP 	unnamed Line: end = [3.866025403784439, -0.5]
54.5689 	EXP 	unnamed Line: start = [3.0, -1.0]
54.5689 	EXP 	unnamed Line: end = [3.866025403784439, -1.5]
55.2775 	DATA 	Keypress: down
55.7916 	EXP 	unnamed Line: start = [-4.0, 1.0]
55.7916 	EXP 	unnamed Line: end = [4.0, 1.0]
55.7916 	EXP 	unnamed Line: start = [-4.0, 1.0]
55.7916 	EXP 	unnamed Line: end = [-3.133974596215561, 1.5]
55.7916 	EXP 	unnamed Line: start = [-4.0, 1.0]
55.7916 	EXP 	unnamed Line: end = [-3.133974596215561, 0.5]
55.7916 	EXP 	unnamed Line: start = [4.0, 1.0]
55.7916 	EXP 	unnamed Line: end = [3.133974596215561, 1.5]
55.7916 	EXP 	unnamed Line: start = [4.0, 1.0]
55.7916 	EXP 	unnamed Line: end = [3.133974596215561, 0.5]
55.7916 	EXP 	unnamed Line: start = [-3.0, -1.0]
55.7916 	EXP 	unnamed Line: end = [3.0, -1.0]
55.7916 	EXP 	unnamed Line: start = [-3.0, -1.0]
55.7916 	EXP 	unnamed Line: end = [-3.866025403784439, -0.5]
55.7916 	EXP 	unnamed Line: start = [-3.0, -1.0]
55.7916 	EXP 	unnamed Line: end = [-3.866025403784439, -1.5]
55.7916 	EXP 	unnamed Line: start = [3.0, -1.0]
55.7916 	EXP 	unnamed Line: end = [3.866025403784439, -0.5]
55.7916 	EXP 	unnamed Line: start = [3.0, -1.0]
55.7916 	EXP 	unnamed Line: end = [3.866025403784439, -1.5]
56.5129 	DATA 	Keypress: up
57.0264 	EXP 	unnamed Line: start = [-2.8, -1.0]
57.0264 	EXP 	unnamed Line: end = [2.8, -1.0]
57.0264 	EXP 	unnamed Line: start = [-2.8, -1.0]
57.0264 	EXP 	unnamed Line: end = [-1.933974596215561, -0.5]
57.0264 	EXP 	unnamed Line: start = [-2.8, -1.0]
57.0264 	EXP 	unnamed Line: end = [-1.933974596215561, -1.5]
57.0264 	EXP 	unnamed Line: start = [2.8, -1.0]
57.0264 	EXP 	unnamed Line: end = [1.933974596215561, -0.5]
57.0264 	EXP 	unnamed Line: start = [2.8, -1.0]
57.0264 	EXP 	unnamed Line: end = [1.933974596215561, -1.5]
57.0264 	EXP 	unnamed Line: start = [-3.0, 1.0]
57.0264 	EXP 	unnamed Line: end = [3.0, 1.0]
57.0264 	EXP 	unnamed Line: start = [-3.0, 1.0]
57.0264 	EXP 	unnamed Line: end = [-3.866025403784439, 1.5]
57.0264 	EXP 	unnamed Line: start = [-3.0, 1.0]
57.0264 	EXP 	unnamed Line: end = [-3.866025403784439, 0.5]
57.0264 	EXP 	unnamed Line: start = [3.0, 1.0]
57.0264 	EXP 	unnamed Line: end = [3.866025403784439, 1.5]
57.0264 	EXP 	unnamed Line: start = [3.0, 1.0]
57.0264 	EXP 	unnamed Line: end = [3.866025403784439, 0.5]
57.6213 	DATA 	Keypress: up
58.1332 	EXP 	unnamed Line: start = [-4.0, -1.0]
58.1332 	EXP 	unnamed Line: end = [4.0, -1.0]
58.1332 	EXP 	unnamed Line: start = [-4.0, -1.0]
58.1332 	EXP 	unnamed Line: end = [-3.133974596215561, -0.5]
58.1332 	EXP 	unnamed Line: start = [-4.0, -1.0]
58.1332 	EXP 	unnamed Line: end = [-3.133974596215561, -1.5]
58.1332 	EXP 	unnamed Line: start = [4.0, -1.0]
58.1332 	EXP 	unnamed Line: end = [3.133974596215561, -0.5]
58.1332 	EXP 	unnamed Line: start = [4.0, -1.0]
58.1332 	EXP 	unnamed Line: end = [3.133974596215561, -1.5]
58.1332 	EXP 	unnamed Line: start = [-3.0, 1.0]
58.1332 	EXP 	unnamed Line: end = [3.0, 1.0]
58.1332 	EXP 	unnamed Line: start = [-3.0, 1.0]
58.1332 	EXP 	unnamed Line: end = [-3.866025403784439, 1.5]
58.1332 	EXP 	unnamed Line: start = [-3.0, 1.0]
58.1332 	EXP 	unnamed Line: end = [-3.866025403784439, 0.5]
58.1332 	EXP 	unnamed Line: start = [3.0, 1.0]
58.1332 	EXP 	unnamed Line: end = [3.866025403784439, 1.5]
58.1332 	EXP 	unnamed Line: start = [3.0, 1.0]
58.1332 	EXP 	unnamed Line: end = [3.866025403784439, 0.5]
58.8895 	DATA 	Keypress: down
59.4071 	EXP 	unnamed Line: start = [-3.8, -1.0]
59.4071 	EXP 	unnamed Line: end = [3.8, -1.0]
59.4071 	EXP 	unnamed Line: start = [-3.8, -1.0]
59.4071 	EXP 	unnamed Line: end = [-2.933974596215561, -0.5]
59.4071 	EXP 	unnamed Line: start = [-3.8, -1.0]
59.4071 	EXP 	unnamed Line: end = [-2.933974596215561, -1.5]
59.4071 	EXP 	unnamed Line: start = [3.8, -1.0]
59.4071 	EXP 	unnamed Line: end = [2.933974596215561, -0.5]
59.4071 	EXP 	unnamed Line: start = [3.8, -1.0]
59.4071 	EXP 	unnamed Line: end = [2.933974596215561, -1.5]
59.4071 	EXP 	unnamed Line: start = [-3.0, 1.0]
59.4071 	EXP 	unnamed Line: end = [3.0, 1.0]
59.4071 	EXP 	unnamed Line: start = [-3.0, 1.0]
59.4071 	EXP 	unnamed Line: end = [-3.866025403784439, 1.5]
59.4071 	EXP 	unnamed Line: start = [-3.0, 1.0]
59.4071 	EXP 	unnamed Line: end = [-3.866025403784439, 0.5]
59.4071 	EXP 	unnamed Line: start = [3.0, 1.0]
59.4071 	EXP 	unnamed Line: end = [3.866025403784439, 1.5]
59.4071 	EXP 	unnamed Line: start = [3.0, 1.0]
59.4071 	EXP 	unnamed Line: end = [3.866025403784439, 0.5]
60.2055 	DATA 	Keypress: down
60.7184 	EXP 	unnamed Line: start = [-2.2, 1.0]
60.7184 	EXP 	unnamed Line: end = [2.2, 1.0]
60.7184 	EXP 	unnamed Line: start = [-2.2, 1.0]
60.7184 	EXP 	unnamed Line: end = [-1.3339745962155614, 1.5]
60.7184 	EXP 	unnamed Line: start = [-2.2, 1.0]
60.7184 	EXP 	unnamed Line: end = [-1.3339745962155614, 0.5]
60.7184 	EXP 	unnamed Line: start = [2.2, 1.0]
60.7184 	EXP 	unnamed Line: end = [1.3339745962155614, 1.5]
60.7184 	EXP 	unnamed Line: start = [2.2, 1.0]
60.7184 	EXP 	unnamed Line: end = [1.3339745962155614, 0.5]
60.7184 	EXP 	unnamed Line: start = [-3.0, -1.0]
60.7184 	EXP 	unnamed Line: end = [3.0, -1.0]
60.7184 	EXP 	unnamed Line: start = [-3.0, -1.0]
60.7184 	EXP 	unnamed Line: end = [-3.866025403784439, -0.5]
60.7184 	EXP 	unnamed Line: start = [-3.0, -1.0]
60.7184 	EXP 	unnamed Line: end = [-3.866025403784439, -1.5]
60.7184 	EXP 	unnamed Line: start = [3.0, -1.0]
60.7184 	EXP 	unnamed Line: end = [3.866025403784439, -0.5]
60.7184 	EXP 	unnamed Line: start = [3.0, -1.0]
60.7184 	EXP 	unnamed Line: end = [3.866025403784439, -1.5]
61.3365 	DATA 	Keypress: down
61.8500 	EXP 	unnamed Line: start = [-3.0, 1.0]
61.8500 	EXP 	unnamed Line: end = [3.0, 1.0]
61.8500 	EXP 	unnamed Line: start = [-3.0, 1.0]
61.8500 	EXP 	unnamed Line: end = [-2.133974596215561, 1.5]
61.8500 	EXP 	unnamed Line: start = [-3.0, 1.0]
61.8500 	EXP 	unnamed Line: end = [-2.133974596215561, 0.5]
61.8500 	EXP 	unnamed Line: start = [3.0, 1.0]
61.8500 	EXP 	unnamed Line: end = [2.133974596215561, 1.5]
61.8500 	EXP 	unnamed Line: start = [3.0, 1.0]
61.8500 	EXP 	unnamed Line: end = [2.133974596215561, 0.5]
61.8500 	EXP 	unnamed Line: start = [-3.0, -1.0]
61.8500 	EXP 	unnamed Line: end = [3.0, -1.0]
61.8500 	EXP 	unnamed Line: start = [-3.0, -1.0]
61.8500 	EXP 	unnamed Line: end = [-3.866025403784439, -0.5]
61.8500 	EXP 	unnamed Line: start = [-3.0, -1.0]
61.8500 	EXP 	unnamed Line: end = [-3.866025403784439, -1.5]
61.8500 	EXP 	unnamed Line: start = [3.0, -1.0]
61.8500 	EXP 	unnamed Line: end = [3.866025403784439, -0.5]
61.8500 	EXP 	unnamed Line: start = [3.0, -1.0]
61.8500 	EXP 	unnamed Line: end = [3.866025403784439, -1.5]
62.3349 	DATA 	Keypress: down
62.8493 	EXP 	unnamed Line: start = [-3.6, 1.0]
62.8493 	EXP 	unnamed Line: end = [3.6, 1.0]
62.8493 	EXP 	unnamed Line: start = [-3.6, 1.0]
62.8493 	EXP 	unnamed Line: end = [-2.7339745962155613, 1.5]
62.8493 	EXP 	unnamed Line: start = [-3.6, 1.0]
62.8493 	EXP 	unnamed Line: end = [-2.7339745962155613, 0.5]
62.8493 	EXP 	unnamed Line: start = [3.6, 1.0]
62.8493 	EXP 	unnamed Line: end = [2.7339745962155613, 1.5]
62.8493 	EXP 	unnamed Line: start = [3.6, 1.0]
62.8493 	EXP 	unnamed Line: end = [2.7339745962155613, 0.5]
62.8493 	EXP 	unnamed Line: start = [-3.0, -1.0]
62.8493 	EXP 	unnamed Line: end = [3.0, -1.0]
62.8493 	EXP 	unnamed Line: start = [-3.0, -1.0]
62.8493 	EXP 	unnamed Line: end = [-3.866025403784439, -0.5]
62.8493 	EXP 	unnamed Line: start = [-3.0, -1.0]
62.8493 	EXP 	unnamed Line: end = [-3.866025403784439, -1.5]
62.8493 	EXP 	unnamed Line: start = [3.0, -1.0]
62.8493 	EXP 	unnamed Line: end = [3.866025403784439, -0.5]
62.8493 	EXP 	unnamed Line: start = [3.0, -1.0]
62.8493 	EXP 	unnamed Line: end = [3.866025403784439, -1.5]
64.3803 	DATA 	Keypress: up
64.8921 	EXP 	unnamed Line: start = [-3.8, -1.0]
64.8921 	EXP 	unnamed Line: end = [3.8, -1.0]
64.8921 	EXP 	unnamed Line: start = [-3.8, -1.0]
64.8921 	EXP 	unnamed Line: end = [-2.933974596215561, -0.5]
64.8921 	EXP 	unnamed Line: start = [-3.8, -1.0]
64.8921 	EXP 	unnamed Line: end = [-2.933974596215561, -1.5]
64.8921 	EXP 	unnamed Line: start = [3.8, -1.0]
64.8921 	EXP 	unnamed Line: end = [2.933974596215561, -0.5]
64.8921 	EXP 	unnamed Line: start = [3.8, -1.0]
64.8921 	EXP 	unnamed Line: end = [2.933974596215561, -1.5]
64.8921 	EXP 	unnamed Line: start = [-3.0, 1.0]
64.8921 	EXP 	unnamed Line: end = [3.0, 1.0]
64.8921 	EXP 	unnamed Line: start = [-3.0, 1.0]
64.8921 	EXP 	unnamed Line: end = [-3.866025403784439, 1.5]
64.8921 	EXP 	unnamed Line: start = [-3.0, 1.0]
64.8921 	EXP 	unnamed Line: end = [-3.866025403784439, 0.5]
64.8921 	EXP 	unnamed Line: start = [3.0, 1.0]
64.8921 	EXP 	unnamed Line: end = [3.866025403784439, 1.5]
64.8921 	EXP 	unnamed Line: start = [3.0, 1.0]
64.8921 	EXP 	unnamed Line: end = [3.866025403784439, 0.5]
66.0267 	DATA 	Keypress: down
66.5393 	EXP 	unnamed Line: start = [-2.8, -1.0]
66.5393 	EXP 	unnamed Line: end = [2.8, -1.0]
66.5393 	EXP 	unnamed Line: start = [-2.8, -1.0]
66.5393 	EXP 	unnamed Line: end = [-1.933974596215561, -0.5]
66.5393 	EXP 	unnamed Line: start = [-2.8, -1.0]
66.5393 	EXP 	unnamed Line: end = [-1.933974596215561, -1.5]
66.5393 	EXP 	unnamed Line: start = [2.8, -1.0]
66.5393 	EXP 	unnamed Line: end = [1.933974596215561, -0.5]
66.5393 	EXP 	unnamed Line: start = [2.8, -1.0]
66.5393 	EXP 	unnamed Line: end = [1.933974596215561, -1.5]
66.5393 	EXP 	unnamed Line: start = [-3.0, 1.0]
66.5393 	EXP 	unnamed Line: end = [3.0, 1.0]
66.5393 	EXP 	unnamed Line: start = [-3.0, 1.0]
66.5393 	EXP 	unnamed Line: end = [-3.866025403784439, 1.5]
66.5393 	EXP 	unnamed Line: start = [-3.0, 1.0]
66.5393 	EXP 	unnamed Line: end = [-3.866025403784439, 0.5]
66.5393 	EXP 	unnamed Line: start = [3.0, 1.0]
66.5393 	EXP 	unnamed Line: end = [3.866025403784439, 1.5]
66.5393 	EXP 	unnamed Line: start = [3.0, 1.0]
66.5393 	EXP 	unnamed Line: end = [3.866025403784439, 0.5]
67.0319 	DATA 	Keypress: up
67.5447 	EXP 	unnamed Line: start = [-3.2, -1.0]
67.5447 	EXP 	unnamed Line: end = [3.2, -1.0]
67.5447 	EXP 	unnamed Line: start = [-3.2, -1.0]
67.5447 	EXP 	unnamed Line: end = [-2.3339745962155614, -0.5]
67.5447 	EXP 	unnamed Line: start = [-3.2, -1.0]
67.5447 	EXP 	unnamed Line: end = [-2.3339745962155614, -1.5]
67.5447 	EXP 	unnamed Line: start = [3.2, -1.0]
67.5447 	EXP 	unnamed Line: end = [2.3339745962155614, -0.5]
67.5447 	EXP 	unnamed Line: start = [3.2, -1.0]
67.5447 	EXP 	unnamed Line: end = [2.3339745962155614, -1.5]
67.5447 	EXP 	unnamed Line: start = [-3.0, 1.0]
67.5447 	EXP 	unnamed Line: end = [3.0, 1.0]
67.5447 	EXP 	unnamed Line: start = [-3.0, 1.0]
67.5447 	EXP 	unnamed Line: end = [-3.866025403784439, 1.5]
67.5447 	EXP 	unnamed Line: start = [-3.0, 1.0]
67.5447 	EXP 	unnamed Line: end = [-3.866025403784439, 0.5]
67.5447 	EXP 	unnamed Line: start = [3.0, 1.0]
67.5447 	EXP 	unnamed Line: end = [3.866025403784439, 1.5]
67.5447 	EXP 	unnamed Line: start = [3.0, 1.0]
67.5447 	EXP 	unnamed Line: end = [3.866025403784439, 0.5]
68.0841 	DATA 	Keypress: up
68.5967 	EXP 	unnamed Line: start = [-2.6, 1.0]
68.5967 	EXP 	unnamed Line: end = [2.6, 1.0]
68.5967 	EXP 	unnamed Line: start = [-2.6, 1.0]
68.5967 	EXP 	unnamed Line: end = [-1.7339745962155613, 1.5]
68.5967 	EXP 	unnamed Line: start = [-2.6, 1.0]
68.5967 	EXP 	unnamed Line: end = [-1.7339745962155613, 0.5]
68.5967 	EXP 	unnamed Line: start = [2.6, 1.0]
68.5967 	EXP 	unnamed Line: end = [1.7339745962155613, 1.5]
68.5967 	EXP 	unnamed Line: start = [2.6, 1.0]
68.5967 	EXP 	unnamed Line: end = [1.7339745962155613, 0.5]
68.5967 	EXP 	unnamed Line: start = [-3.0, -1.0]
68.5967 	EXP 	unnamed Line: end = [3.0, -1.0]
68.5967 	EXP 	unnamed Line: start = [-3.0, -1.0]
68.5967 	EXP 	unnamed Line: end = [-3.866025403784439, -0.5]
68.5967 	EXP 	unnamed Line: start = [-3.0, -1.0]
68.5967 	EXP 	unnamed Line: end = [-3.866025403784439, -1.5]
68.5967 	EXP 	unnamed Line: start = [3.0, -1.0]
68.5967 	EXP 	unnamed Line: end = [3.866025403784439, -0.5]
68.5967 	EXP 	unnamed Line: start = [3.0, -1.0]
68.5967 	EXP 	unnamed Line: end = [3.866025403784439, -1.5]
69.1989 	DATA 	Keypress: down
69.7096 	EXP 	unnamed Line: start = [-2.0, 1.0]
69.7096 	EXP 	unnamed Line: end = [2.0, 1.0]
69.7096 	EXP 	unnamed Line: start = [-2.0, 1.0]
69.7096 	EXP 	unnamed Line: end = [-1.1339745962155612, 1.5]
69.7096 	EXP 	unnamed Line: start = [-2.0, 1.0]
69.7096 	EXP 	unnamed Line: end = [-1.1339745962155612, 0.5]
69.7096 	EXP 	unnamed Line: start = [2.0, 1.0]
69.7096 	EXP 	unnamed Line: end = [1.1339745962155612, 1.5]
69.7096 	EXP 	unnamed Line: start = [2.0, 1.0]
69.7096 	EXP 	unnamed Line: end = [1.1339745962155612, 0.5]
69.7096 	EXP 	unnamed Line: start = [-3.0, -1.0]
69.7096 	EXP 	unnamed Line: end = [3.0, -1.0]
69.7096 	EXP 	unnamed Line: start = [-3.0, -1.0]
69.7096 	EXP 	unnamed Line: end = [-3.866025403784439, -0.5]
69.7096 	EXP 	unnamed Line: start = [-3.0, -1.0]
69.7096 	EXP 	unnamed Line: end = [-3.866025403784439, -1.5]
69.7096 	EXP 	unnamed Line: start = [3.0, -1.0]
69.7096 	EXP 	unnamed Line: end = [3.866025403784439, -0.5]
69.7096 	EXP 	unnamed Line: start = [3.0, -1.0]
69.7096 	EXP 	unnamed Line: end = [3.866025403784439, -1.5]
70.2211 	DATA 	Keypress: down
70.7342 	EXP 	unnamed Line: start = [-2.0, -1.0]
70.7342 	EXP 	unnamed Line: end = [2.0, -1.0]
70.7342 	EXP 	unnamed Line: start = [-2.0, -1.0]
70.7342 	EXP 	unnamed Line: end = [-1.1339745962155612, -0.5]
70.7342 	EXP 	unnamed Line: start = [-2.0, -1.0]
70.7342 	EXP 	unnamed Line: end = [-1.1339745962155612, -1.5]
70.7342 	EXP 	unnamed Line: start = [2.0, -1.0]
70.7342 	EXP 	unnamed Line: end = [1.1339745962155612, -0.5]
70.7342 	EXP 	unnamed Line: start = [2.0, -1.0]
70.7342 	EXP 	unnamed Line: end = [1.1339745962155612, -1.5]
70.7342 	EXP 	unnamed Line: start = [-3.0, 1.0]
70.7342 	EXP 	unnamed Line: end = [3.0, 1.0]
70.7342 	EXP 	unnamed Line: start = [-3.0, 1.0]
70.7342 	EXP 	unnamed Line: end = [-3.866025403784439, 1.5]
70.7342 	EXP 	unnamed Line: start = [-3.0, 1.0]
70.7342 	EXP 	unnamed Line: end = [-3.866025403784439, 0.5]
70.7342 	EXP 	unnamed Line: start = [3.0, 1.0]
70.7342 	EXP 	unnamed Line: end = [3.866025403784439, 1.5]
70.7342 	EXP 	unnamed Line: start = [3.0, 1.0]
70.7342 	EXP 	unnamed Line: end = [3.866025403784439, 0.5]
71.2908 	DATA 	Keypress: up
71.8046 	EXP 	unnamed Line: start = [-2.6, 1.0]
71.8046 	EXP 	unnamed Line: end = [2.6, 1.0]
71.8046 	EXP 	unnamed Line: start = [-2.6, 1.0]
71.8046 	EXP 	unnamed Line: end = [-1.7339745962155613, 1.5]
71.8046 	EXP 	unnamed Line: start = [-2.6, 1.0]
71.8046 	EXP 	unnamed Line: end = [-1.7339745962155613, 0.5]
71.8046 	EXP 	unnamed Line: start = [2.6, 1.0]
71.8046 	EXP 	unnamed Line: end = [1.7339745962155613, 1.5]
71.8046 	EXP 	unnamed Line: start = [2.6, 1.0]
71.8046 	EXP 	unnamed Line: end = [1.7339745962155613, 0.5]
71.8046 	EXP 	unnamed Line: start = [-3.0, -1.0]
71.8046 	EXP 	unnamed Line: end = [3.0, -1.0]
71.8046 	EXP 	unnamed Line: start = [-3.0, -1.0]
71.8046 	EXP 	unnamed Line: end = [-3.866025403784439, -0.5]
71.8046 	EXP 	unnamed Line: start = [-3.0, -1.0]
71.8046 	EXP 	unnamed Line: end = [-3.866025403784439, -1.5]
71.8046 	EXP 	unnamed Line: start = [3.0, -1.0]
71.8046 	EXP 	unnamed Line: end = [3.866025403784439, -0.5]
71.8046 	EXP 	unnamed Line: start = [3.0, -1.0]
71.8046 	EXP 	unnamed Line: end = [3.866025403784439, -1.5]
72.3611 	DATA 	Keypress: down
72.8790 	EXP 	unnamed Line: start = [-3.0, 1.0]
72.8790 	EXP 	unnamed Line: end = [3.0, 1.0]
72.8790 	EXP 	unnamed Line: start = [-3.0, 1.0]
72.8790 	EXP 	unnamed Line: end = [-2.133974596215561, 1.5]
72.8790 	EXP 	unnamed Line: start = [-3.0, 1.0]
72.8790 	EXP 	unnamed Line: end = [-2.133974596215561, 0.5]
72.8790 	EXP 	unnamed Line: start = [3.0, 1.0]
72.8790 	EXP 	unnamed Line: end = [2.133974596215561, 1.5]
72.8790 	EXP 	unnamed Line: start = [3.0, 1.0]
72.8790 	EXP 	unnamed Line: end = [2.133974596215561, 0.5]
72.8790 	EXP 	unnamed Line: start = [-3.0, -1.0]
72.8790 	EXP 	unnamed Line: end = [3.0, -1.0]
72.8790 	EXP 	unnamed Line: start = [-3.0, -1.0]
72.8790 	EXP 	unnamed Line: end = [-3.866025403784439, -0.5]
72.8790 	EXP 	unnamed Line: start = [-3.0, -1.0]
72.8790 	EXP 	unnamed Line: end = [-3.866025403784439, -1.5]
72.8790 	EXP 	unnamed Line: start = [3.0, -1.0]
72.8790 	EXP 	unnamed Line: end = [3.866025403784439, -0.5]
72.8790 	EXP 	unnamed Line: start = [3.0, -1.0]
72.8790 	EXP 	unnamed Line: end = [3.866025403784439, -1.5]
73.4061 	DATA 	Keypress: down
74.0609 	EXP 	window1: mouseVisible = True
